{"/Users/neilkapoor/Downloads/EducationRAGBackendDeploy2-1/server/Controller/server.js": {"path":"/Users/neilkapoor/Downloads/EducationRAGBackendDeploy2-1/server/Controller/server.js","statementMap":{"0":{"start":{"line":1,"column":16},"end":{"line":1,"column":34}},"1":{"start":{"line":2,"column":17},"end":{"line":2,"column":36}},"2":{"start":{"line":3,"column":13},"end":{"line":3,"column":28}},"3":{"start":{"line":4,"column":15},"end":{"line":4,"column":34}},"4":{"start":{"line":5,"column":18},"end":{"line":5,"column":43}},"5":{"start":{"line":6,"column":39},"end":{"line":6,"column":62}},"6":{"start":{"line":7,"column":18},"end":{"line":7,"column":42}},"7":{"start":{"line":9,"column":12},"end":{"line":9,"column":21}},"8":{"start":{"line":10,"column":0},"end":{"line":10,"column":24}},"9":{"start":{"line":11,"column":0},"end":{"line":11,"column":16}},"10":{"start":{"line":13,"column":0},"end":{"line":13,"column":140}},"11":{"start":{"line":21,"column":0},"end":{"line":23,"column":3}},"12":{"start":{"line":22,"column":2},"end":{"line":22,"column":53}},"13":{"start":{"line":32,"column":0},"end":{"line":59,"column":3}},"14":{"start":{"line":33,"column":30},"end":{"line":33,"column":39}},"15":{"start":{"line":35,"column":2},"end":{"line":38,"column":3}},"16":{"start":{"line":36,"column":4},"end":{"line":36,"column":63}},"17":{"start":{"line":37,"column":4},"end":{"line":37,"column":11}},"18":{"start":{"line":39,"column":2},"end":{"line":42,"column":3}},"19":{"start":{"line":40,"column":4},"end":{"line":40,"column":66}},"20":{"start":{"line":41,"column":4},"end":{"line":41,"column":11}},"21":{"start":{"line":44,"column":2},"end":{"line":47,"column":3}},"22":{"start":{"line":45,"column":4},"end":{"line":45,"column":87}},"23":{"start":{"line":46,"column":4},"end":{"line":46,"column":11}},"24":{"start":{"line":48,"column":2},"end":{"line":58,"column":3}},"25":{"start":{"line":49,"column":25},"end":{"line":49,"column":59}},"26":{"start":{"line":50,"column":4},"end":{"line":52,"column":5}},"27":{"start":{"line":51,"column":6},"end":{"line":51,"column":94}},"28":{"start":{"line":53,"column":27},"end":{"line":53,"column":58}},"29":{"start":{"line":54,"column":4},"end":{"line":54,"column":64}},"30":{"start":{"line":55,"column":4},"end":{"line":55,"column":76}},"31":{"start":{"line":57,"column":4},"end":{"line":57,"column":70}},"32":{"start":{"line":68,"column":0},"end":{"line":85,"column":3}},"33":{"start":{"line":69,"column":30},"end":{"line":69,"column":39}},"34":{"start":{"line":71,"column":2},"end":{"line":84,"column":3}},"35":{"start":{"line":72,"column":17},"end":{"line":72,"column":51}},"36":{"start":{"line":73,"column":4},"end":{"line":75,"column":5}},"37":{"start":{"line":74,"column":6},"end":{"line":74,"column":86}},"38":{"start":{"line":76,"column":30},"end":{"line":76,"column":75}},"39":{"start":{"line":77,"column":4},"end":{"line":79,"column":5}},"40":{"start":{"line":78,"column":6},"end":{"line":78,"column":78}},"41":{"start":{"line":80,"column":18},"end":{"line":80,"column":43}},"42":{"start":{"line":81,"column":4},"end":{"line":81,"column":52}},"43":{"start":{"line":83,"column":4},"end":{"line":83,"column":63}},"44":{"start":{"line":94,"column":0},"end":{"line":105,"column":3}},"45":{"start":{"line":95,"column":20},"end":{"line":95,"column":24}},"46":{"start":{"line":96,"column":2},"end":{"line":104,"column":3}},"47":{"start":{"line":97,"column":17},"end":{"line":97,"column":64}},"48":{"start":{"line":98,"column":4},"end":{"line":100,"column":5}},"49":{"start":{"line":99,"column":6},"end":{"line":99,"column":67}},"50":{"start":{"line":101,"column":4},"end":{"line":101,"column":42}},"51":{"start":{"line":103,"column":4},"end":{"line":103,"column":73}},"52":{"start":{"line":114,"column":0},"end":{"line":129,"column":3}},"53":{"start":{"line":115,"column":31},"end":{"line":115,"column":40}},"54":{"start":{"line":116,"column":2},"end":{"line":128,"column":3}},"55":{"start":{"line":117,"column":24},"end":{"line":121,"column":5}},"56":{"start":{"line":122,"column":4},"end":{"line":124,"column":5}},"57":{"start":{"line":123,"column":6},"end":{"line":123,"column":67}},"58":{"start":{"line":125,"column":4},"end":{"line":125,"column":107}},"59":{"start":{"line":127,"column":4},"end":{"line":127,"column":74}},"60":{"start":{"line":138,"column":0},"end":{"line":149,"column":3}},"61":{"start":{"line":139,"column":20},"end":{"line":139,"column":24}},"62":{"start":{"line":140,"column":2},"end":{"line":148,"column":3}},"63":{"start":{"line":141,"column":17},"end":{"line":141,"column":63}},"64":{"start":{"line":142,"column":4},"end":{"line":144,"column":5}},"65":{"start":{"line":143,"column":6},"end":{"line":143,"column":67}},"66":{"start":{"line":145,"column":4},"end":{"line":145,"column":50}},"67":{"start":{"line":147,"column":4},"end":{"line":147,"column":79}},"68":{"start":{"line":157,"column":0},"end":{"line":159,"column":3}},"69":{"start":{"line":158,"column":2},"end":{"line":158,"column":52}},"70":{"start":{"line":163,"column":0},"end":{"line":209,"column":3}},"71":{"start":{"line":164,"column":45},"end":{"line":164,"column":53}},"72":{"start":{"line":165,"column":20},"end":{"line":165,"column":29}},"73":{"start":{"line":167,"column":2},"end":{"line":169,"column":3}},"74":{"start":{"line":168,"column":4},"end":{"line":168,"column":81}},"75":{"start":{"line":171,"column":2},"end":{"line":208,"column":3}},"76":{"start":{"line":173,"column":17},"end":{"line":180,"column":5}},"77":{"start":{"line":182,"column":4},"end":{"line":184,"column":5}},"78":{"start":{"line":183,"column":6},"end":{"line":183,"column":83}},"79":{"start":{"line":187,"column":23},"end":{"line":191,"column":5}},"80":{"start":{"line":194,"column":4},"end":{"line":201,"column":6}},"81":{"start":{"line":204,"column":4},"end":{"line":204,"column":108}},"82":{"start":{"line":206,"column":4},"end":{"line":206,"column":23}},"83":{"start":{"line":207,"column":4},"end":{"line":207,"column":64}},"84":{"start":{"line":212,"column":0},"end":{"line":227,"column":3}},"85":{"start":{"line":213,"column":21},"end":{"line":213,"column":31}},"86":{"start":{"line":214,"column":20},"end":{"line":214,"column":29}},"87":{"start":{"line":216,"column":2},"end":{"line":226,"column":3}},"88":{"start":{"line":217,"column":17},"end":{"line":217,"column":104}},"89":{"start":{"line":218,"column":4},"end":{"line":220,"column":5}},"90":{"start":{"line":219,"column":6},"end":{"line":219,"column":83}},"91":{"start":{"line":222,"column":4},"end":{"line":222,"column":85}},"92":{"start":{"line":224,"column":4},"end":{"line":224,"column":23}},"93":{"start":{"line":225,"column":4},"end":{"line":225,"column":66}},"94":{"start":{"line":230,"column":0},"end":{"line":247,"column":3}},"95":{"start":{"line":231,"column":23},"end":{"line":231,"column":31}},"96":{"start":{"line":232,"column":20},"end":{"line":232,"column":29}},"97":{"start":{"line":234,"column":2},"end":{"line":246,"column":3}},"98":{"start":{"line":235,"column":20},"end":{"line":240,"column":6}},"99":{"start":{"line":241,"column":4},"end":{"line":241,"column":25}},"100":{"start":{"line":242,"column":4},"end":{"line":242,"column":34}},"101":{"start":{"line":244,"column":4},"end":{"line":244,"column":23}},"102":{"start":{"line":245,"column":4},"end":{"line":245,"column":86}},"103":{"start":{"line":250,"column":0},"end":{"line":260,"column":3}},"104":{"start":{"line":251,"column":20},"end":{"line":251,"column":29}},"105":{"start":{"line":253,"column":2},"end":{"line":259,"column":3}},"106":{"start":{"line":254,"column":18},"end":{"line":254,"column":89}},"107":{"start":{"line":255,"column":4},"end":{"line":255,"column":24}},"108":{"start":{"line":257,"column":4},"end":{"line":257,"column":23}},"109":{"start":{"line":258,"column":4},"end":{"line":258,"column":63}},"110":{"start":{"line":263,"column":0},"end":{"line":277,"column":3}},"111":{"start":{"line":264,"column":21},"end":{"line":264,"column":31}},"112":{"start":{"line":265,"column":20},"end":{"line":265,"column":29}},"113":{"start":{"line":267,"column":2},"end":{"line":276,"column":3}},"114":{"start":{"line":268,"column":17},"end":{"line":268,"column":91}},"115":{"start":{"line":269,"column":4},"end":{"line":271,"column":5}},"116":{"start":{"line":270,"column":6},"end":{"line":270,"column":83}},"117":{"start":{"line":272,"column":4},"end":{"line":272,"column":56}},"118":{"start":{"line":274,"column":4},"end":{"line":274,"column":23}},"119":{"start":{"line":275,"column":4},"end":{"line":275,"column":62}},"120":{"start":{"line":279,"column":0},"end":{"line":279,"column":21}}},"fnMap":{"0":{"name":"(anonymous_0)","decl":{"start":{"line":21,"column":13},"end":{"line":21,"column":14}},"loc":{"start":{"line":21,"column":29},"end":{"line":23,"column":1}},"line":21},"1":{"name":"(anonymous_1)","decl":{"start":{"line":32,"column":20},"end":{"line":32,"column":21}},"loc":{"start":{"line":32,"column":42},"end":{"line":59,"column":1}},"line":32},"2":{"name":"(anonymous_2)","decl":{"start":{"line":68,"column":19},"end":{"line":68,"column":20}},"loc":{"start":{"line":68,"column":41},"end":{"line":85,"column":1}},"line":68},"3":{"name":"(anonymous_3)","decl":{"start":{"line":94,"column":37},"end":{"line":94,"column":38}},"loc":{"start":{"line":94,"column":59},"end":{"line":105,"column":1}},"line":94},"4":{"name":"(anonymous_4)","decl":{"start":{"line":114,"column":42},"end":{"line":114,"column":43}},"loc":{"start":{"line":114,"column":64},"end":{"line":129,"column":1}},"line":114},"5":{"name":"(anonymous_5)","decl":{"start":{"line":138,"column":43},"end":{"line":138,"column":44}},"loc":{"start":{"line":138,"column":65},"end":{"line":149,"column":1}},"line":138},"6":{"name":"(anonymous_6)","decl":{"start":{"line":157,"column":41},"end":{"line":157,"column":42}},"loc":{"start":{"line":157,"column":57},"end":{"line":159,"column":1}},"line":157},"7":{"name":"(anonymous_7)","decl":{"start":{"line":163,"column":39},"end":{"line":163,"column":40}},"loc":{"start":{"line":163,"column":59},"end":{"line":209,"column":1}},"line":163},"8":{"name":"(anonymous_8)","decl":{"start":{"line":212,"column":48},"end":{"line":212,"column":49}},"loc":{"start":{"line":212,"column":68},"end":{"line":227,"column":1}},"line":212},"9":{"name":"(anonymous_9)","decl":{"start":{"line":230,"column":36},"end":{"line":230,"column":37}},"loc":{"start":{"line":230,"column":56},"end":{"line":247,"column":1}},"line":230},"10":{"name":"(anonymous_10)","decl":{"start":{"line":250,"column":35},"end":{"line":250,"column":36}},"loc":{"start":{"line":250,"column":55},"end":{"line":260,"column":1}},"line":250},"11":{"name":"(anonymous_11)","decl":{"start":{"line":263,"column":46},"end":{"line":263,"column":47}},"loc":{"start":{"line":263,"column":66},"end":{"line":277,"column":1}},"line":263}},"branchMap":{"0":{"loc":{"start":{"line":35,"column":2},"end":{"line":38,"column":3}},"type":"if","locations":[{"start":{"line":35,"column":2},"end":{"line":38,"column":3}},{"start":{},"end":{}}],"line":35},"1":{"loc":{"start":{"line":35,"column":6},"end":{"line":35,"column":28}},"type":"binary-expr","locations":[{"start":{"line":35,"column":6},"end":{"line":35,"column":12}},{"start":{"line":35,"column":16},"end":{"line":35,"column":28}}],"line":35},"2":{"loc":{"start":{"line":39,"column":2},"end":{"line":42,"column":3}},"type":"if","locations":[{"start":{"line":39,"column":2},"end":{"line":42,"column":3}},{"start":{},"end":{}}],"line":39},"3":{"loc":{"start":{"line":39,"column":6},"end":{"line":39,"column":34}},"type":"binary-expr","locations":[{"start":{"line":39,"column":6},"end":{"line":39,"column":15}},{"start":{"line":39,"column":19},"end":{"line":39,"column":34}}],"line":39},"4":{"loc":{"start":{"line":44,"column":2},"end":{"line":47,"column":3}},"type":"if","locations":[{"start":{"line":44,"column":2},"end":{"line":47,"column":3}},{"start":{},"end":{}}],"line":44},"5":{"loc":{"start":{"line":50,"column":4},"end":{"line":52,"column":5}},"type":"if","locations":[{"start":{"line":50,"column":4},"end":{"line":52,"column":5}},{"start":{},"end":{}}],"line":50},"6":{"loc":{"start":{"line":73,"column":4},"end":{"line":75,"column":5}},"type":"if","locations":[{"start":{"line":73,"column":4},"end":{"line":75,"column":5}},{"start":{},"end":{}}],"line":73},"7":{"loc":{"start":{"line":77,"column":4},"end":{"line":79,"column":5}},"type":"if","locations":[{"start":{"line":77,"column":4},"end":{"line":79,"column":5}},{"start":{},"end":{}}],"line":77},"8":{"loc":{"start":{"line":98,"column":4},"end":{"line":100,"column":5}},"type":"if","locations":[{"start":{"line":98,"column":4},"end":{"line":100,"column":5}},{"start":{},"end":{}}],"line":98},"9":{"loc":{"start":{"line":122,"column":4},"end":{"line":124,"column":5}},"type":"if","locations":[{"start":{"line":122,"column":4},"end":{"line":124,"column":5}},{"start":{},"end":{}}],"line":122},"10":{"loc":{"start":{"line":142,"column":4},"end":{"line":144,"column":5}},"type":"if","locations":[{"start":{"line":142,"column":4},"end":{"line":144,"column":5}},{"start":{},"end":{}}],"line":142},"11":{"loc":{"start":{"line":167,"column":2},"end":{"line":169,"column":3}},"type":"if","locations":[{"start":{"line":167,"column":2},"end":{"line":169,"column":3}},{"start":{},"end":{}}],"line":167},"12":{"loc":{"start":{"line":182,"column":4},"end":{"line":184,"column":5}},"type":"if","locations":[{"start":{"line":182,"column":4},"end":{"line":184,"column":5}},{"start":{},"end":{}}],"line":182},"13":{"loc":{"start":{"line":218,"column":4},"end":{"line":220,"column":5}},"type":"if","locations":[{"start":{"line":218,"column":4},"end":{"line":220,"column":5}},{"start":{},"end":{}}],"line":218},"14":{"loc":{"start":{"line":269,"column":4},"end":{"line":271,"column":5}},"type":"if","locations":[{"start":{"line":269,"column":4},"end":{"line":271,"column":5}},{"start":{},"end":{}}],"line":269}},"s":{"0":1,"1":1,"2":1,"3":1,"4":1,"5":1,"6":1,"7":1,"8":1,"9":1,"10":1,"11":1,"12":0,"13":1,"14":7,"15":7,"16":0,"17":0,"18":7,"19":0,"20":0,"21":7,"22":1,"23":1,"24":6,"25":6,"26":6,"27":1,"28":5,"29":5,"30":5,"31":0,"32":1,"33":7,"34":7,"35":7,"36":7,"37":1,"38":6,"39":6,"40":1,"41":5,"42":5,"43":0,"44":1,"45":1,"46":1,"47":1,"48":1,"49":0,"50":1,"51":0,"52":1,"53":1,"54":1,"55":1,"56":1,"57":0,"58":1,"59":0,"60":1,"61":2,"62":2,"63":2,"64":2,"65":1,"66":1,"67":0,"68":1,"69":0,"70":1,"71":0,"72":0,"73":0,"74":0,"75":0,"76":0,"77":0,"78":0,"79":0,"80":0,"81":0,"82":0,"83":0,"84":1,"85":0,"86":0,"87":0,"88":0,"89":0,"90":0,"91":0,"92":0,"93":0,"94":1,"95":0,"96":0,"97":0,"98":0,"99":0,"100":0,"101":0,"102":0,"103":1,"104":0,"105":0,"106":0,"107":0,"108":0,"109":0,"110":1,"111":0,"112":0,"113":0,"114":0,"115":0,"116":0,"117":0,"118":0,"119":0,"120":1},"f":{"0":0,"1":7,"2":7,"3":1,"4":1,"5":2,"6":0,"7":0,"8":0,"9":0,"10":0,"11":0},"b":{"0":[0,7],"1":[7,7],"2":[0,7],"3":[7,7],"4":[1,6],"5":[1,5],"6":[1,6],"7":[1,5],"8":[0,1],"9":[0,1],"10":[1,1],"11":[0,0],"12":[0,0],"13":[0,0],"14":[0,0]},"_coverageSchema":"1a1c01bbd47fc00a2c39e90264f33305004495a9","hash":"fd0f58f1a52270588ccd4fdd51082570aba3a8e6"}
,"/Users/neilkapoor/Downloads/EducationRAGBackendDeploy2-1/server/Controller/Utils/auth.js": {"path":"/Users/neilkapoor/Downloads/EducationRAGBackendDeploy2-1/server/Controller/Utils/auth.js","statementMap":{"0":{"start":{"line":1,"column":12},"end":{"line":1,"column":35}},"1":{"start":{"line":2,"column":0},"end":{"line":2,"column":27}},"2":{"start":{"line":16,"column":21},"end":{"line":16,"column":46}},"3":{"start":{"line":17,"column":16},"end":{"line":17,"column":54}},"4":{"start":{"line":19,"column":2},"end":{"line":21,"column":3}},"5":{"start":{"line":20,"column":4},"end":{"line":20,"column":87}},"6":{"start":{"line":23,"column":2},"end":{"line":29,"column":3}},"7":{"start":{"line":24,"column":20},"end":{"line":24,"column":61}},"8":{"start":{"line":25,"column":4},"end":{"line":25,"column":30}},"9":{"start":{"line":26,"column":4},"end":{"line":26,"column":11}},"10":{"start":{"line":28,"column":4},"end":{"line":28,"column":63}},"11":{"start":{"line":30,"column":2},"end":{"line":30,"column":14}},"12":{"start":{"line":41,"column":2},"end":{"line":41,"column":74}},"13":{"start":{"line":44,"column":0},"end":{"line":47,"column":2}}},"fnMap":{"0":{"name":"verifyToken","decl":{"start":{"line":15,"column":9},"end":{"line":15,"column":20}},"loc":{"start":{"line":15,"column":37},"end":{"line":31,"column":1}},"line":15},"1":{"name":"generateToken","decl":{"start":{"line":40,"column":9},"end":{"line":40,"column":22}},"loc":{"start":{"line":40,"column":30},"end":{"line":42,"column":1}},"line":40}},"branchMap":{"0":{"loc":{"start":{"line":17,"column":16},"end":{"line":17,"column":54}},"type":"binary-expr","locations":[{"start":{"line":17,"column":16},"end":{"line":17,"column":26}},{"start":{"line":17,"column":30},"end":{"line":17,"column":54}}],"line":17},"1":{"loc":{"start":{"line":19,"column":2},"end":{"line":21,"column":3}},"type":"if","locations":[{"start":{"line":19,"column":2},"end":{"line":21,"column":3}},{"start":{},"end":{}}],"line":19}},"s":{"0":1,"1":1,"2":4,"3":4,"4":4,"5":0,"6":4,"7":4,"8":4,"9":4,"10":0,"11":4,"12":5,"13":1},"f":{"0":4,"1":5},"b":{"0":[4,4],"1":[0,4]},"_coverageSchema":"1a1c01bbd47fc00a2c39e90264f33305004495a9","hash":"0e76bd4cd09b7f5fc17a9091aa27ee6292938c19"}
,"/Users/neilkapoor/Downloads/EducationRAGBackendDeploy2-1/server/Model/Chat.js": {"path":"/Users/neilkapoor/Downloads/EducationRAGBackendDeploy2-1/server/Model/Chat.js","statementMap":{"0":{"start":{"line":1,"column":17},"end":{"line":1,"column":36}},"1":{"start":{"line":3,"column":22},"end":{"line":16,"column":2}},"2":{"start":{"line":18,"column":19},"end":{"line":41,"column":2}},"3":{"start":{"line":43,"column":18},"end":{"line":43,"column":52}},"4":{"start":{"line":44,"column":0},"end":{"line":44,"column":27}}},"fnMap":{},"branchMap":{},"s":{"0":1,"1":1,"2":1,"3":1,"4":1},"f":{},"b":{},"_coverageSchema":"1a1c01bbd47fc00a2c39e90264f33305004495a9","hash":"8e335411492ce5ec6deedcc73b1e29b6fc7c3098"}
,"/Users/neilkapoor/Downloads/EducationRAGBackendDeploy2-1/server/Model/Users.js": {"path":"/Users/neilkapoor/Downloads/EducationRAGBackendDeploy2-1/server/Model/Users.js","statementMap":{"0":{"start":{"line":1,"column":17},"end":{"line":1,"column":36}},"1":{"start":{"line":3,"column":19},"end":{"line":17,"column":2}},"2":{"start":{"line":19,"column":18},"end":{"line":19,"column":53}},"3":{"start":{"line":20,"column":0},"end":{"line":20,"column":27}}},"fnMap":{},"branchMap":{},"s":{"0":1,"1":1,"2":1,"3":1},"f":{},"b":{},"_coverageSchema":"1a1c01bbd47fc00a2c39e90264f33305004495a9","hash":"354c0494c09c80ff9a6924582bb889f9dce31596"}
}
