{"/Users/neilkapoor/Downloads/EducationRAGBackendDeploy2-1/server/Controller/server.js": {"path":"/Users/neilkapoor/Downloads/EducationRAGBackendDeploy2-1/server/Controller/server.js","statementMap":{"0":{"start":{"line":1,"column":16},"end":{"line":1,"column":34}},"1":{"start":{"line":2,"column":17},"end":{"line":2,"column":36}},"2":{"start":{"line":3,"column":13},"end":{"line":3,"column":28}},"3":{"start":{"line":4,"column":15},"end":{"line":4,"column":34}},"4":{"start":{"line":5,"column":18},"end":{"line":5,"column":43}},"5":{"start":{"line":6,"column":39},"end":{"line":6,"column":62}},"6":{"start":{"line":8,"column":12},"end":{"line":8,"column":21}},"7":{"start":{"line":9,"column":0},"end":{"line":9,"column":24}},"8":{"start":{"line":10,"column":0},"end":{"line":10,"column":16}},"9":{"start":{"line":12,"column":0},"end":{"line":12,"column":140}},"10":{"start":{"line":20,"column":0},"end":{"line":22,"column":3}},"11":{"start":{"line":21,"column":2},"end":{"line":21,"column":53}},"12":{"start":{"line":31,"column":0},"end":{"line":58,"column":3}},"13":{"start":{"line":32,"column":30},"end":{"line":32,"column":39}},"14":{"start":{"line":34,"column":2},"end":{"line":37,"column":3}},"15":{"start":{"line":35,"column":4},"end":{"line":35,"column":63}},"16":{"start":{"line":36,"column":4},"end":{"line":36,"column":11}},"17":{"start":{"line":38,"column":2},"end":{"line":41,"column":3}},"18":{"start":{"line":39,"column":4},"end":{"line":39,"column":66}},"19":{"start":{"line":40,"column":4},"end":{"line":40,"column":11}},"20":{"start":{"line":43,"column":2},"end":{"line":46,"column":3}},"21":{"start":{"line":44,"column":4},"end":{"line":44,"column":87}},"22":{"start":{"line":45,"column":4},"end":{"line":45,"column":11}},"23":{"start":{"line":47,"column":2},"end":{"line":57,"column":3}},"24":{"start":{"line":48,"column":25},"end":{"line":48,"column":59}},"25":{"start":{"line":49,"column":4},"end":{"line":51,"column":5}},"26":{"start":{"line":50,"column":6},"end":{"line":50,"column":94}},"27":{"start":{"line":52,"column":27},"end":{"line":52,"column":58}},"28":{"start":{"line":53,"column":4},"end":{"line":53,"column":64}},"29":{"start":{"line":54,"column":4},"end":{"line":54,"column":76}},"30":{"start":{"line":56,"column":4},"end":{"line":56,"column":70}},"31":{"start":{"line":67,"column":0},"end":{"line":84,"column":3}},"32":{"start":{"line":68,"column":30},"end":{"line":68,"column":39}},"33":{"start":{"line":70,"column":2},"end":{"line":83,"column":3}},"34":{"start":{"line":71,"column":17},"end":{"line":71,"column":51}},"35":{"start":{"line":72,"column":4},"end":{"line":74,"column":5}},"36":{"start":{"line":73,"column":6},"end":{"line":73,"column":86}},"37":{"start":{"line":75,"column":30},"end":{"line":75,"column":75}},"38":{"start":{"line":76,"column":4},"end":{"line":78,"column":5}},"39":{"start":{"line":77,"column":6},"end":{"line":77,"column":78}},"40":{"start":{"line":79,"column":18},"end":{"line":79,"column":43}},"41":{"start":{"line":80,"column":4},"end":{"line":80,"column":52}},"42":{"start":{"line":82,"column":4},"end":{"line":82,"column":63}},"43":{"start":{"line":93,"column":0},"end":{"line":104,"column":3}},"44":{"start":{"line":94,"column":20},"end":{"line":94,"column":24}},"45":{"start":{"line":95,"column":2},"end":{"line":103,"column":3}},"46":{"start":{"line":96,"column":17},"end":{"line":96,"column":64}},"47":{"start":{"line":97,"column":4},"end":{"line":99,"column":5}},"48":{"start":{"line":98,"column":6},"end":{"line":98,"column":67}},"49":{"start":{"line":100,"column":4},"end":{"line":100,"column":42}},"50":{"start":{"line":102,"column":4},"end":{"line":102,"column":73}},"51":{"start":{"line":113,"column":0},"end":{"line":128,"column":3}},"52":{"start":{"line":114,"column":31},"end":{"line":114,"column":40}},"53":{"start":{"line":115,"column":2},"end":{"line":127,"column":3}},"54":{"start":{"line":116,"column":24},"end":{"line":120,"column":5}},"55":{"start":{"line":121,"column":4},"end":{"line":123,"column":5}},"56":{"start":{"line":122,"column":6},"end":{"line":122,"column":67}},"57":{"start":{"line":124,"column":4},"end":{"line":124,"column":107}},"58":{"start":{"line":126,"column":4},"end":{"line":126,"column":74}},"59":{"start":{"line":137,"column":0},"end":{"line":148,"column":3}},"60":{"start":{"line":138,"column":20},"end":{"line":138,"column":24}},"61":{"start":{"line":139,"column":2},"end":{"line":147,"column":3}},"62":{"start":{"line":140,"column":17},"end":{"line":140,"column":63}},"63":{"start":{"line":141,"column":4},"end":{"line":143,"column":5}},"64":{"start":{"line":142,"column":6},"end":{"line":142,"column":67}},"65":{"start":{"line":144,"column":4},"end":{"line":144,"column":50}},"66":{"start":{"line":146,"column":4},"end":{"line":146,"column":79}},"67":{"start":{"line":156,"column":0},"end":{"line":158,"column":3}},"68":{"start":{"line":157,"column":2},"end":{"line":157,"column":52}},"69":{"start":{"line":160,"column":0},"end":{"line":160,"column":21}}},"fnMap":{"0":{"name":"(anonymous_0)","decl":{"start":{"line":20,"column":13},"end":{"line":20,"column":14}},"loc":{"start":{"line":20,"column":29},"end":{"line":22,"column":1}},"line":20},"1":{"name":"(anonymous_1)","decl":{"start":{"line":31,"column":20},"end":{"line":31,"column":21}},"loc":{"start":{"line":31,"column":42},"end":{"line":58,"column":1}},"line":31},"2":{"name":"(anonymous_2)","decl":{"start":{"line":67,"column":19},"end":{"line":67,"column":20}},"loc":{"start":{"line":67,"column":41},"end":{"line":84,"column":1}},"line":67},"3":{"name":"(anonymous_3)","decl":{"start":{"line":93,"column":37},"end":{"line":93,"column":38}},"loc":{"start":{"line":93,"column":59},"end":{"line":104,"column":1}},"line":93},"4":{"name":"(anonymous_4)","decl":{"start":{"line":113,"column":42},"end":{"line":113,"column":43}},"loc":{"start":{"line":113,"column":64},"end":{"line":128,"column":1}},"line":113},"5":{"name":"(anonymous_5)","decl":{"start":{"line":137,"column":43},"end":{"line":137,"column":44}},"loc":{"start":{"line":137,"column":65},"end":{"line":148,"column":1}},"line":137},"6":{"name":"(anonymous_6)","decl":{"start":{"line":156,"column":41},"end":{"line":156,"column":42}},"loc":{"start":{"line":156,"column":57},"end":{"line":158,"column":1}},"line":156}},"branchMap":{"0":{"loc":{"start":{"line":34,"column":2},"end":{"line":37,"column":3}},"type":"if","locations":[{"start":{"line":34,"column":2},"end":{"line":37,"column":3}},{"start":{},"end":{}}],"line":34},"1":{"loc":{"start":{"line":34,"column":6},"end":{"line":34,"column":28}},"type":"binary-expr","locations":[{"start":{"line":34,"column":6},"end":{"line":34,"column":12}},{"start":{"line":34,"column":16},"end":{"line":34,"column":28}}],"line":34},"2":{"loc":{"start":{"line":38,"column":2},"end":{"line":41,"column":3}},"type":"if","locations":[{"start":{"line":38,"column":2},"end":{"line":41,"column":3}},{"start":{},"end":{}}],"line":38},"3":{"loc":{"start":{"line":38,"column":6},"end":{"line":38,"column":34}},"type":"binary-expr","locations":[{"start":{"line":38,"column":6},"end":{"line":38,"column":15}},{"start":{"line":38,"column":19},"end":{"line":38,"column":34}}],"line":38},"4":{"loc":{"start":{"line":43,"column":2},"end":{"line":46,"column":3}},"type":"if","locations":[{"start":{"line":43,"column":2},"end":{"line":46,"column":3}},{"start":{},"end":{}}],"line":43},"5":{"loc":{"start":{"line":49,"column":4},"end":{"line":51,"column":5}},"type":"if","locations":[{"start":{"line":49,"column":4},"end":{"line":51,"column":5}},{"start":{},"end":{}}],"line":49},"6":{"loc":{"start":{"line":72,"column":4},"end":{"line":74,"column":5}},"type":"if","locations":[{"start":{"line":72,"column":4},"end":{"line":74,"column":5}},{"start":{},"end":{}}],"line":72},"7":{"loc":{"start":{"line":76,"column":4},"end":{"line":78,"column":5}},"type":"if","locations":[{"start":{"line":76,"column":4},"end":{"line":78,"column":5}},{"start":{},"end":{}}],"line":76},"8":{"loc":{"start":{"line":97,"column":4},"end":{"line":99,"column":5}},"type":"if","locations":[{"start":{"line":97,"column":4},"end":{"line":99,"column":5}},{"start":{},"end":{}}],"line":97},"9":{"loc":{"start":{"line":121,"column":4},"end":{"line":123,"column":5}},"type":"if","locations":[{"start":{"line":121,"column":4},"end":{"line":123,"column":5}},{"start":{},"end":{}}],"line":121},"10":{"loc":{"start":{"line":141,"column":4},"end":{"line":143,"column":5}},"type":"if","locations":[{"start":{"line":141,"column":4},"end":{"line":143,"column":5}},{"start":{},"end":{}}],"line":141}},"s":{"0":1,"1":1,"2":1,"3":1,"4":1,"5":1,"6":1,"7":1,"8":1,"9":1,"10":1,"11":0,"12":1,"13":7,"14":7,"15":0,"16":0,"17":7,"18":0,"19":0,"20":7,"21":1,"22":1,"23":6,"24":6,"25":6,"26":1,"27":5,"28":5,"29":5,"30":0,"31":1,"32":7,"33":7,"34":7,"35":7,"36":1,"37":6,"38":6,"39":1,"40":5,"41":5,"42":0,"43":1,"44":1,"45":1,"46":1,"47":1,"48":0,"49":1,"50":0,"51":1,"52":1,"53":1,"54":1,"55":1,"56":0,"57":1,"58":0,"59":1,"60":2,"61":2,"62":2,"63":2,"64":1,"65":1,"66":0,"67":1,"68":0,"69":1},"f":{"0":0,"1":7,"2":7,"3":1,"4":1,"5":2,"6":0},"b":{"0":[0,7],"1":[7,7],"2":[0,7],"3":[7,7],"4":[1,6],"5":[1,5],"6":[1,6],"7":[1,5],"8":[0,1],"9":[0,1],"10":[1,1]},"_coverageSchema":"1a1c01bbd47fc00a2c39e90264f33305004495a9","hash":"cd55710335f2aa464aeed6aef19c29c6b8665b31"}
,"/Users/neilkapoor/Downloads/EducationRAGBackendDeploy2-1/server/Controller/Utils/auth.js": {"path":"/Users/neilkapoor/Downloads/EducationRAGBackendDeploy2-1/server/Controller/Utils/auth.js","statementMap":{"0":{"start":{"line":1,"column":12},"end":{"line":1,"column":35}},"1":{"start":{"line":2,"column":0},"end":{"line":2,"column":27}},"2":{"start":{"line":16,"column":21},"end":{"line":16,"column":46}},"3":{"start":{"line":17,"column":16},"end":{"line":17,"column":54}},"4":{"start":{"line":19,"column":2},"end":{"line":21,"column":3}},"5":{"start":{"line":20,"column":4},"end":{"line":20,"column":87}},"6":{"start":{"line":23,"column":2},"end":{"line":29,"column":3}},"7":{"start":{"line":24,"column":20},"end":{"line":24,"column":61}},"8":{"start":{"line":25,"column":4},"end":{"line":25,"column":30}},"9":{"start":{"line":26,"column":4},"end":{"line":26,"column":11}},"10":{"start":{"line":28,"column":4},"end":{"line":28,"column":63}},"11":{"start":{"line":30,"column":2},"end":{"line":30,"column":14}},"12":{"start":{"line":41,"column":2},"end":{"line":41,"column":74}},"13":{"start":{"line":44,"column":0},"end":{"line":47,"column":2}}},"fnMap":{"0":{"name":"verifyToken","decl":{"start":{"line":15,"column":9},"end":{"line":15,"column":20}},"loc":{"start":{"line":15,"column":37},"end":{"line":31,"column":1}},"line":15},"1":{"name":"generateToken","decl":{"start":{"line":40,"column":9},"end":{"line":40,"column":22}},"loc":{"start":{"line":40,"column":30},"end":{"line":42,"column":1}},"line":40}},"branchMap":{"0":{"loc":{"start":{"line":17,"column":16},"end":{"line":17,"column":54}},"type":"binary-expr","locations":[{"start":{"line":17,"column":16},"end":{"line":17,"column":26}},{"start":{"line":17,"column":30},"end":{"line":17,"column":54}}],"line":17},"1":{"loc":{"start":{"line":19,"column":2},"end":{"line":21,"column":3}},"type":"if","locations":[{"start":{"line":19,"column":2},"end":{"line":21,"column":3}},{"start":{},"end":{}}],"line":19}},"s":{"0":1,"1":1,"2":4,"3":4,"4":4,"5":0,"6":4,"7":4,"8":4,"9":4,"10":0,"11":4,"12":5,"13":1},"f":{"0":4,"1":5},"b":{"0":[4,4],"1":[0,4]},"_coverageSchema":"1a1c01bbd47fc00a2c39e90264f33305004495a9","hash":"0e76bd4cd09b7f5fc17a9091aa27ee6292938c19"}
,"/Users/neilkapoor/Downloads/EducationRAGBackendDeploy2-1/server/Model/Users.js": {"path":"/Users/neilkapoor/Downloads/EducationRAGBackendDeploy2-1/server/Model/Users.js","statementMap":{"0":{"start":{"line":1,"column":17},"end":{"line":1,"column":36}},"1":{"start":{"line":3,"column":19},"end":{"line":17,"column":2}},"2":{"start":{"line":19,"column":18},"end":{"line":19,"column":53}},"3":{"start":{"line":20,"column":0},"end":{"line":20,"column":27}}},"fnMap":{},"branchMap":{},"s":{"0":1,"1":1,"2":1,"3":1},"f":{},"b":{},"_coverageSchema":"1a1c01bbd47fc00a2c39e90264f33305004495a9","hash":"354c0494c09c80ff9a6924582bb889f9dce31596"}
}
