TN:
SF:Controller/server.js
FN:21,(anonymous_0)
FN:32,(anonymous_1)
FN:68,(anonymous_2)
FN:94,(anonymous_3)
FN:114,(anonymous_4)
FN:138,(anonymous_5)
FN:157,(anonymous_6)
FN:163,(anonymous_7)
FN:212,(anonymous_8)
FN:230,(anonymous_9)
FN:250,(anonymous_10)
FN:263,(anonymous_11)
FNF:12
FNH:5
FNDA:0,(anonymous_0)
FNDA:7,(anonymous_1)
FNDA:7,(anonymous_2)
FNDA:1,(anonymous_3)
FNDA:1,(anonymous_4)
FNDA:2,(anonymous_5)
FNDA:0,(anonymous_6)
FNDA:0,(anonymous_7)
FNDA:0,(anonymous_8)
FNDA:0,(anonymous_9)
FNDA:0,(anonymous_10)
FNDA:0,(anonymous_11)
DA:1,1
DA:2,1
DA:3,1
DA:4,1
DA:5,1
DA:6,1
DA:7,1
DA:9,1
DA:10,1
DA:11,1
DA:13,1
DA:21,1
DA:22,0
DA:32,1
DA:33,7
DA:35,7
DA:36,0
DA:37,0
DA:39,7
DA:40,0
DA:41,0
DA:44,7
DA:45,1
DA:46,1
DA:48,6
DA:49,6
DA:50,6
DA:51,1
DA:53,5
DA:54,5
DA:55,5
DA:57,0
DA:68,1
DA:69,7
DA:71,7
DA:72,7
DA:73,7
DA:74,1
DA:76,6
DA:77,6
DA:78,1
DA:80,5
DA:81,5
DA:83,0
DA:94,1
DA:95,1
DA:96,1
DA:97,1
DA:98,1
DA:99,0
DA:101,1
DA:103,0
DA:114,1
DA:115,1
DA:116,1
DA:117,1
DA:122,1
DA:123,0
DA:125,1
DA:127,0
DA:138,1
DA:139,2
DA:140,2
DA:141,2
DA:142,2
DA:143,1
DA:145,1
DA:147,0
DA:157,1
DA:158,0
DA:163,1
DA:164,0
DA:165,0
DA:167,0
DA:168,0
DA:171,0
DA:173,0
DA:182,0
DA:183,0
DA:187,0
DA:194,0
DA:204,0
DA:206,0
DA:207,0
DA:212,1
DA:213,0
DA:214,0
DA:216,0
DA:217,0
DA:218,0
DA:219,0
DA:222,0
DA:224,0
DA:225,0
DA:230,1
DA:231,0
DA:232,0
DA:234,0
DA:235,0
DA:241,0
DA:242,0
DA:244,0
DA:245,0
DA:250,1
DA:251,0
DA:253,0
DA:254,0
DA:255,0
DA:257,0
DA:258,0
DA:263,1
DA:264,0
DA:265,0
DA:267,0
DA:268,0
DA:269,0
DA:270,0
DA:272,0
DA:274,0
DA:275,0
DA:279,1
LF:121
LH:63
BRDA:35,0,0,0
BRDA:35,0,1,7
BRDA:35,1,0,7
BRDA:35,1,1,7
BRDA:39,2,0,0
BRDA:39,2,1,7
BRDA:39,3,0,7
BRDA:39,3,1,7
BRDA:44,4,0,1
BRDA:44,4,1,6
BRDA:50,5,0,1
BRDA:50,5,1,5
BRDA:73,6,0,1
BRDA:73,6,1,6
BRDA:77,7,0,1
BRDA:77,7,1,5
BRDA:98,8,0,0
BRDA:98,8,1,1
BRDA:122,9,0,0
BRDA:122,9,1,1
BRDA:142,10,0,1
BRDA:142,10,1,1
BRDA:167,11,0,0
BRDA:167,11,1,0
BRDA:182,12,0,0
BRDA:182,12,1,0
BRDA:218,13,0,0
BRDA:218,13,1,0
BRDA:269,14,0,0
BRDA:269,14,1,0
BRF:30
BRH:18
end_of_record
TN:
SF:Controller/Utils/auth.js
FN:15,verifyToken
FN:40,generateToken
FNF:2
FNH:2
FNDA:4,verifyToken
FNDA:5,generateToken
DA:1,1
DA:2,1
DA:16,4
DA:17,4
DA:19,4
DA:20,0
DA:23,4
DA:24,4
DA:25,4
DA:26,4
DA:28,0
DA:30,4
DA:41,5
DA:44,1
LF:14
LH:12
BRDA:17,0,0,4
BRDA:17,0,1,4
BRDA:19,1,0,0
BRDA:19,1,1,4
BRF:4
BRH:3
end_of_record
TN:
SF:Model/Chat.js
FNF:0
FNH:0
DA:1,1
DA:3,1
DA:18,1
DA:43,1
DA:44,1
LF:5
LH:5
BRF:0
BRH:0
end_of_record
TN:
SF:Model/Users.js
FNF:0
FNH:0
DA:1,1
DA:3,1
DA:19,1
DA:20,1
LF:4
LH:4
BRF:0
BRH:0
end_of_record
