TN:
SF:Controller/server.js
FN:21,(anonymous_0)
FN:32,(anonymous_1)
FN:68,(anonymous_2)
FN:94,(anonymous_3)
FN:114,(anonymous_4)
FN:138,(anonymous_5)
FN:157,(anonymous_6)
FN:163,(anonymous_7)
FN:212,(anonymous_8)
FN:230,(anonymous_9)
FN:250,(anonymous_10)
FN:263,(anonymous_11)
FNF:12
FNH:10
FNDA:0,(anonymous_0)
FNDA:11,(anonymous_1)
FNDA:11,(anonymous_2)
FNDA:1,(anonymous_3)
FNDA:1,(anonymous_4)
FNDA:2,(anonymous_5)
FNDA:0,(anonymous_6)
FNDA:3,(anonymous_7)
FNDA:2,(anonymous_8)
FNDA:2,(anonymous_9)
FNDA:1,(anonymous_10)
FNDA:3,(anonymous_11)
DA:1,1
DA:2,1
DA:3,1
DA:4,1
DA:5,1
DA:6,1
DA:7,1
DA:9,1
DA:10,1
DA:11,1
DA:13,1
DA:21,1
DA:22,0
DA:32,1
DA:33,11
DA:35,11
DA:36,0
DA:37,0
DA:39,11
DA:40,0
DA:41,0
DA:44,11
DA:45,1
DA:46,1
DA:48,10
DA:49,10
DA:50,10
DA:51,1
DA:53,9
DA:54,9
DA:55,9
DA:57,0
DA:68,1
DA:69,11
DA:71,11
DA:72,11
DA:73,11
DA:74,1
DA:76,10
DA:77,10
DA:78,1
DA:80,9
DA:81,9
DA:83,0
DA:94,1
DA:95,1
DA:96,1
DA:97,1
DA:98,1
DA:99,0
DA:101,1
DA:103,0
DA:114,1
DA:115,1
DA:116,1
DA:117,1
DA:122,1
DA:123,0
DA:125,1
DA:127,0
DA:138,1
DA:139,2
DA:140,2
DA:141,2
DA:142,2
DA:143,1
DA:145,1
DA:147,0
DA:157,1
DA:158,0
DA:163,1
DA:164,3
DA:165,3
DA:167,3
DA:168,1
DA:171,2
DA:173,2
DA:182,2
DA:183,1
DA:187,1
DA:194,1
DA:204,1
DA:206,0
DA:207,0
DA:212,1
DA:213,2
DA:214,2
DA:216,2
DA:217,2
DA:218,2
DA:219,1
DA:222,1
DA:224,0
DA:225,0
DA:230,1
DA:231,2
DA:232,2
DA:234,2
DA:235,2
DA:241,2
DA:242,1
DA:244,1
DA:245,1
DA:250,1
DA:251,1
DA:253,1
DA:254,1
DA:255,1
DA:257,0
DA:258,0
DA:263,1
DA:264,3
DA:265,3
DA:267,3
DA:268,3
DA:269,2
DA:270,1
DA:272,1
DA:274,1
DA:275,1
DA:279,1
LF:121
LH:102
BRDA:35,0,0,0
BRDA:35,0,1,11
BRDA:35,1,0,11
BRDA:35,1,1,11
BRDA:39,2,0,0
BRDA:39,2,1,11
BRDA:39,3,0,11
BRDA:39,3,1,11
BRDA:44,4,0,1
BRDA:44,4,1,10
BRDA:50,5,0,1
BRDA:50,5,1,9
BRDA:73,6,0,1
BRDA:73,6,1,10
BRDA:77,7,0,1
BRDA:77,7,1,9
BRDA:98,8,0,0
BRDA:98,8,1,1
BRDA:122,9,0,0
BRDA:122,9,1,1
BRDA:142,10,0,1
BRDA:142,10,1,1
BRDA:167,11,0,1
BRDA:167,11,1,2
BRDA:182,12,0,1
BRDA:182,12,1,1
BRDA:218,13,0,1
BRDA:218,13,1,1
BRDA:269,14,0,1
BRDA:269,14,1,1
BRF:30
BRH:26
end_of_record
TN:
SF:Controller/Utils/auth.js
FN:15,verifyToken
FN:40,generateToken
FNF:2
FNH:2
FNDA:15,verifyToken
FNDA:9,generateToken
DA:1,1
DA:2,1
DA:16,15
DA:17,15
DA:19,15
DA:20,0
DA:23,15
DA:24,15
DA:25,15
DA:26,15
DA:28,0
DA:30,15
DA:41,9
DA:44,1
LF:14
LH:12
BRDA:17,0,0,15
BRDA:17,0,1,15
BRDA:19,1,0,0
BRDA:19,1,1,15
BRF:4
BRH:3
end_of_record
TN:
SF:Model/Chat.js
FNF:0
FNH:0
DA:1,1
DA:3,1
DA:18,1
DA:43,1
DA:44,1
LF:5
LH:5
BRF:0
BRH:0
end_of_record
TN:
SF:Model/Users.js
FNF:0
FNH:0
DA:1,1
DA:3,1
DA:19,1
DA:20,1
LF:4
LH:4
BRF:0
BRH:0
end_of_record
