{"/Users/neilkapoor/Downloads/EducationRAGBackendDeploy2-2/Controller/server.js": {"path":"/Users/neilkapoor/Downloads/EducationRAGBackendDeploy2-2/Controller/server.js","statementMap":{"0":{"start":{"line":1,"column":16},"end":{"line":1,"column":34}},"1":{"start":{"line":2,"column":17},"end":{"line":2,"column":36}},"2":{"start":{"line":3,"column":13},"end":{"line":3,"column":28}},"3":{"start":{"line":4,"column":15},"end":{"line":4,"column":34}},"4":{"start":{"line":5,"column":13},"end":{"line":5,"column":28}},"5":{"start":{"line":6,"column":18},"end":{"line":6,"column":43}},"6":{"start":{"line":7,"column":39},"end":{"line":7,"column":62}},"7":{"start":{"line":8,"column":18},"end":{"line":8,"column":42}},"8":{"start":{"line":10,"column":12},"end":{"line":10,"column":21}},"9":{"start":{"line":11,"column":0},"end":{"line":11,"column":24}},"10":{"start":{"line":12,"column":0},"end":{"line":12,"column":16}},"11":{"start":{"line":18,"column":0},"end":{"line":18,"column":63}},"12":{"start":{"line":20,"column":0},"end":{"line":20,"column":140}},"13":{"start":{"line":28,"column":0},"end":{"line":31,"column":3}},"14":{"start":{"line":30,"column":2},"end":{"line":30,"column":66}},"15":{"start":{"line":40,"column":0},"end":{"line":67,"column":3}},"16":{"start":{"line":41,"column":30},"end":{"line":41,"column":39}},"17":{"start":{"line":43,"column":2},"end":{"line":46,"column":3}},"18":{"start":{"line":44,"column":4},"end":{"line":44,"column":63}},"19":{"start":{"line":45,"column":4},"end":{"line":45,"column":11}},"20":{"start":{"line":47,"column":2},"end":{"line":50,"column":3}},"21":{"start":{"line":48,"column":4},"end":{"line":48,"column":66}},"22":{"start":{"line":49,"column":4},"end":{"line":49,"column":11}},"23":{"start":{"line":52,"column":2},"end":{"line":55,"column":3}},"24":{"start":{"line":53,"column":4},"end":{"line":53,"column":87}},"25":{"start":{"line":54,"column":4},"end":{"line":54,"column":11}},"26":{"start":{"line":56,"column":2},"end":{"line":66,"column":3}},"27":{"start":{"line":57,"column":25},"end":{"line":57,"column":59}},"28":{"start":{"line":58,"column":4},"end":{"line":60,"column":5}},"29":{"start":{"line":59,"column":6},"end":{"line":59,"column":94}},"30":{"start":{"line":61,"column":27},"end":{"line":61,"column":58}},"31":{"start":{"line":62,"column":4},"end":{"line":62,"column":64}},"32":{"start":{"line":63,"column":4},"end":{"line":63,"column":76}},"33":{"start":{"line":65,"column":4},"end":{"line":65,"column":70}},"34":{"start":{"line":76,"column":0},"end":{"line":93,"column":3}},"35":{"start":{"line":77,"column":30},"end":{"line":77,"column":39}},"36":{"start":{"line":79,"column":2},"end":{"line":92,"column":3}},"37":{"start":{"line":80,"column":17},"end":{"line":80,"column":51}},"38":{"start":{"line":81,"column":4},"end":{"line":83,"column":5}},"39":{"start":{"line":82,"column":6},"end":{"line":82,"column":86}},"40":{"start":{"line":84,"column":30},"end":{"line":84,"column":75}},"41":{"start":{"line":85,"column":4},"end":{"line":87,"column":5}},"42":{"start":{"line":86,"column":6},"end":{"line":86,"column":78}},"43":{"start":{"line":88,"column":18},"end":{"line":88,"column":43}},"44":{"start":{"line":89,"column":4},"end":{"line":89,"column":52}},"45":{"start":{"line":91,"column":4},"end":{"line":91,"column":63}},"46":{"start":{"line":102,"column":0},"end":{"line":113,"column":3}},"47":{"start":{"line":103,"column":20},"end":{"line":103,"column":24}},"48":{"start":{"line":104,"column":2},"end":{"line":112,"column":3}},"49":{"start":{"line":105,"column":17},"end":{"line":105,"column":64}},"50":{"start":{"line":106,"column":4},"end":{"line":108,"column":5}},"51":{"start":{"line":107,"column":6},"end":{"line":107,"column":67}},"52":{"start":{"line":109,"column":4},"end":{"line":109,"column":42}},"53":{"start":{"line":111,"column":4},"end":{"line":111,"column":73}},"54":{"start":{"line":122,"column":0},"end":{"line":137,"column":3}},"55":{"start":{"line":123,"column":31},"end":{"line":123,"column":40}},"56":{"start":{"line":124,"column":2},"end":{"line":136,"column":3}},"57":{"start":{"line":125,"column":24},"end":{"line":129,"column":5}},"58":{"start":{"line":130,"column":4},"end":{"line":132,"column":5}},"59":{"start":{"line":131,"column":6},"end":{"line":131,"column":67}},"60":{"start":{"line":133,"column":4},"end":{"line":133,"column":107}},"61":{"start":{"line":135,"column":4},"end":{"line":135,"column":74}},"62":{"start":{"line":146,"column":0},"end":{"line":157,"column":3}},"63":{"start":{"line":147,"column":20},"end":{"line":147,"column":24}},"64":{"start":{"line":148,"column":2},"end":{"line":156,"column":3}},"65":{"start":{"line":149,"column":17},"end":{"line":149,"column":63}},"66":{"start":{"line":150,"column":4},"end":{"line":152,"column":5}},"67":{"start":{"line":151,"column":6},"end":{"line":151,"column":67}},"68":{"start":{"line":153,"column":4},"end":{"line":153,"column":50}},"69":{"start":{"line":155,"column":4},"end":{"line":155,"column":79}},"70":{"start":{"line":165,"column":0},"end":{"line":167,"column":3}},"71":{"start":{"line":166,"column":2},"end":{"line":166,"column":52}},"72":{"start":{"line":178,"column":0},"end":{"line":224,"column":3}},"73":{"start":{"line":179,"column":45},"end":{"line":179,"column":53}},"74":{"start":{"line":180,"column":20},"end":{"line":180,"column":29}},"75":{"start":{"line":182,"column":2},"end":{"line":184,"column":3}},"76":{"start":{"line":183,"column":4},"end":{"line":183,"column":81}},"77":{"start":{"line":186,"column":2},"end":{"line":223,"column":3}},"78":{"start":{"line":188,"column":17},"end":{"line":195,"column":5}},"79":{"start":{"line":197,"column":4},"end":{"line":199,"column":5}},"80":{"start":{"line":198,"column":6},"end":{"line":198,"column":83}},"81":{"start":{"line":202,"column":23},"end":{"line":206,"column":5}},"82":{"start":{"line":209,"column":4},"end":{"line":216,"column":6}},"83":{"start":{"line":219,"column":4},"end":{"line":219,"column":108}},"84":{"start":{"line":222,"column":4},"end":{"line":222,"column":64}},"85":{"start":{"line":233,"column":0},"end":{"line":248,"column":3}},"86":{"start":{"line":234,"column":21},"end":{"line":234,"column":31}},"87":{"start":{"line":235,"column":20},"end":{"line":235,"column":29}},"88":{"start":{"line":237,"column":2},"end":{"line":247,"column":3}},"89":{"start":{"line":238,"column":17},"end":{"line":238,"column":85}},"90":{"start":{"line":239,"column":4},"end":{"line":241,"column":5}},"91":{"start":{"line":240,"column":6},"end":{"line":240,"column":83}},"92":{"start":{"line":243,"column":4},"end":{"line":243,"column":85}},"93":{"start":{"line":246,"column":4},"end":{"line":246,"column":66}},"94":{"start":{"line":257,"column":0},"end":{"line":274,"column":3}},"95":{"start":{"line":258,"column":23},"end":{"line":258,"column":31}},"96":{"start":{"line":259,"column":20},"end":{"line":259,"column":29}},"97":{"start":{"line":261,"column":2},"end":{"line":273,"column":3}},"98":{"start":{"line":262,"column":20},"end":{"line":267,"column":6}},"99":{"start":{"line":268,"column":4},"end":{"line":268,"column":25}},"100":{"start":{"line":269,"column":4},"end":{"line":269,"column":34}},"101":{"start":{"line":272,"column":4},"end":{"line":272,"column":86}},"102":{"start":{"line":283,"column":0},"end":{"line":293,"column":3}},"103":{"start":{"line":284,"column":20},"end":{"line":284,"column":29}},"104":{"start":{"line":286,"column":2},"end":{"line":292,"column":3}},"105":{"start":{"line":287,"column":18},"end":{"line":287,"column":89}},"106":{"start":{"line":288,"column":4},"end":{"line":288,"column":24}},"107":{"start":{"line":291,"column":4},"end":{"line":291,"column":63}},"108":{"start":{"line":302,"column":0},"end":{"line":316,"column":3}},"109":{"start":{"line":303,"column":21},"end":{"line":303,"column":31}},"110":{"start":{"line":304,"column":20},"end":{"line":304,"column":29}},"111":{"start":{"line":306,"column":2},"end":{"line":315,"column":3}},"112":{"start":{"line":307,"column":17},"end":{"line":307,"column":72}},"113":{"start":{"line":308,"column":4},"end":{"line":310,"column":5}},"114":{"start":{"line":309,"column":6},"end":{"line":309,"column":83}},"115":{"start":{"line":311,"column":4},"end":{"line":311,"column":56}},"116":{"start":{"line":314,"column":4},"end":{"line":314,"column":62}},"117":{"start":{"line":318,"column":0},"end":{"line":320,"column":3}},"118":{"start":{"line":319,"column":2},"end":{"line":319,"column":66}},"119":{"start":{"line":322,"column":0},"end":{"line":322,"column":21}}},"fnMap":{"0":{"name":"(anonymous_0)","decl":{"start":{"line":28,"column":13},"end":{"line":28,"column":14}},"loc":{"start":{"line":28,"column":29},"end":{"line":31,"column":1}},"line":28},"1":{"name":"(anonymous_1)","decl":{"start":{"line":40,"column":20},"end":{"line":40,"column":21}},"loc":{"start":{"line":40,"column":42},"end":{"line":67,"column":1}},"line":40},"2":{"name":"(anonymous_2)","decl":{"start":{"line":76,"column":19},"end":{"line":76,"column":20}},"loc":{"start":{"line":76,"column":41},"end":{"line":93,"column":1}},"line":76},"3":{"name":"(anonymous_3)","decl":{"start":{"line":102,"column":37},"end":{"line":102,"column":38}},"loc":{"start":{"line":102,"column":59},"end":{"line":113,"column":1}},"line":102},"4":{"name":"(anonymous_4)","decl":{"start":{"line":122,"column":42},"end":{"line":122,"column":43}},"loc":{"start":{"line":122,"column":64},"end":{"line":137,"column":1}},"line":122},"5":{"name":"(anonymous_5)","decl":{"start":{"line":146,"column":43},"end":{"line":146,"column":44}},"loc":{"start":{"line":146,"column":65},"end":{"line":157,"column":1}},"line":146},"6":{"name":"(anonymous_6)","decl":{"start":{"line":165,"column":41},"end":{"line":165,"column":42}},"loc":{"start":{"line":165,"column":57},"end":{"line":167,"column":1}},"line":165},"7":{"name":"(anonymous_7)","decl":{"start":{"line":178,"column":39},"end":{"line":178,"column":40}},"loc":{"start":{"line":178,"column":59},"end":{"line":224,"column":1}},"line":178},"8":{"name":"(anonymous_8)","decl":{"start":{"line":233,"column":48},"end":{"line":233,"column":49}},"loc":{"start":{"line":233,"column":68},"end":{"line":248,"column":1}},"line":233},"9":{"name":"(anonymous_9)","decl":{"start":{"line":257,"column":36},"end":{"line":257,"column":37}},"loc":{"start":{"line":257,"column":56},"end":{"line":274,"column":1}},"line":257},"10":{"name":"(anonymous_10)","decl":{"start":{"line":283,"column":35},"end":{"line":283,"column":36}},"loc":{"start":{"line":283,"column":55},"end":{"line":293,"column":1}},"line":283},"11":{"name":"(anonymous_11)","decl":{"start":{"line":302,"column":46},"end":{"line":302,"column":47}},"loc":{"start":{"line":302,"column":66},"end":{"line":316,"column":1}},"line":302},"12":{"name":"(anonymous_12)","decl":{"start":{"line":318,"column":13},"end":{"line":318,"column":14}},"loc":{"start":{"line":318,"column":28},"end":{"line":320,"column":1}},"line":318}},"branchMap":{"0":{"loc":{"start":{"line":43,"column":2},"end":{"line":46,"column":3}},"type":"if","locations":[{"start":{"line":43,"column":2},"end":{"line":46,"column":3}},{"start":{},"end":{}}],"line":43},"1":{"loc":{"start":{"line":43,"column":6},"end":{"line":43,"column":28}},"type":"binary-expr","locations":[{"start":{"line":43,"column":6},"end":{"line":43,"column":12}},{"start":{"line":43,"column":16},"end":{"line":43,"column":28}}],"line":43},"2":{"loc":{"start":{"line":47,"column":2},"end":{"line":50,"column":3}},"type":"if","locations":[{"start":{"line":47,"column":2},"end":{"line":50,"column":3}},{"start":{},"end":{}}],"line":47},"3":{"loc":{"start":{"line":47,"column":6},"end":{"line":47,"column":34}},"type":"binary-expr","locations":[{"start":{"line":47,"column":6},"end":{"line":47,"column":15}},{"start":{"line":47,"column":19},"end":{"line":47,"column":34}}],"line":47},"4":{"loc":{"start":{"line":52,"column":2},"end":{"line":55,"column":3}},"type":"if","locations":[{"start":{"line":52,"column":2},"end":{"line":55,"column":3}},{"start":{},"end":{}}],"line":52},"5":{"loc":{"start":{"line":58,"column":4},"end":{"line":60,"column":5}},"type":"if","locations":[{"start":{"line":58,"column":4},"end":{"line":60,"column":5}},{"start":{},"end":{}}],"line":58},"6":{"loc":{"start":{"line":81,"column":4},"end":{"line":83,"column":5}},"type":"if","locations":[{"start":{"line":81,"column":4},"end":{"line":83,"column":5}},{"start":{},"end":{}}],"line":81},"7":{"loc":{"start":{"line":85,"column":4},"end":{"line":87,"column":5}},"type":"if","locations":[{"start":{"line":85,"column":4},"end":{"line":87,"column":5}},{"start":{},"end":{}}],"line":85},"8":{"loc":{"start":{"line":106,"column":4},"end":{"line":108,"column":5}},"type":"if","locations":[{"start":{"line":106,"column":4},"end":{"line":108,"column":5}},{"start":{},"end":{}}],"line":106},"9":{"loc":{"start":{"line":130,"column":4},"end":{"line":132,"column":5}},"type":"if","locations":[{"start":{"line":130,"column":4},"end":{"line":132,"column":5}},{"start":{},"end":{}}],"line":130},"10":{"loc":{"start":{"line":150,"column":4},"end":{"line":152,"column":5}},"type":"if","locations":[{"start":{"line":150,"column":4},"end":{"line":152,"column":5}},{"start":{},"end":{}}],"line":150},"11":{"loc":{"start":{"line":182,"column":2},"end":{"line":184,"column":3}},"type":"if","locations":[{"start":{"line":182,"column":2},"end":{"line":184,"column":3}},{"start":{},"end":{}}],"line":182},"12":{"loc":{"start":{"line":197,"column":4},"end":{"line":199,"column":5}},"type":"if","locations":[{"start":{"line":197,"column":4},"end":{"line":199,"column":5}},{"start":{},"end":{}}],"line":197},"13":{"loc":{"start":{"line":239,"column":4},"end":{"line":241,"column":5}},"type":"if","locations":[{"start":{"line":239,"column":4},"end":{"line":241,"column":5}},{"start":{},"end":{}}],"line":239},"14":{"loc":{"start":{"line":308,"column":4},"end":{"line":310,"column":5}},"type":"if","locations":[{"start":{"line":308,"column":4},"end":{"line":310,"column":5}},{"start":{},"end":{}}],"line":308}},"s":{"0":1,"1":1,"2":1,"3":1,"4":1,"5":1,"6":1,"7":1,"8":1,"9":1,"10":1,"11":1,"12":1,"13":1,"14":0,"15":1,"16":11,"17":11,"18":0,"19":0,"20":11,"21":0,"22":0,"23":11,"24":1,"25":1,"26":10,"27":10,"28":10,"29":1,"30":9,"31":9,"32":9,"33":0,"34":1,"35":11,"36":11,"37":11,"38":11,"39":1,"40":10,"41":10,"42":1,"43":9,"44":9,"45":0,"46":1,"47":1,"48":1,"49":1,"50":1,"51":0,"52":1,"53":0,"54":1,"55":1,"56":1,"57":1,"58":1,"59":0,"60":1,"61":0,"62":1,"63":2,"64":2,"65":2,"66":2,"67":1,"68":1,"69":0,"70":1,"71":0,"72":1,"73":3,"74":3,"75":3,"76":1,"77":2,"78":2,"79":2,"80":1,"81":1,"82":1,"83":1,"84":0,"85":1,"86":2,"87":2,"88":2,"89":2,"90":2,"91":1,"92":1,"93":0,"94":1,"95":2,"96":2,"97":2,"98":2,"99":2,"100":1,"101":1,"102":1,"103":1,"104":1,"105":1,"106":1,"107":0,"108":1,"109":3,"110":3,"111":3,"112":3,"113":2,"114":1,"115":1,"116":1,"117":1,"118":0,"119":1},"f":{"0":0,"1":11,"2":11,"3":1,"4":1,"5":2,"6":0,"7":3,"8":2,"9":2,"10":1,"11":3,"12":0},"b":{"0":[0,11],"1":[11,11],"2":[0,11],"3":[11,11],"4":[1,10],"5":[1,9],"6":[1,10],"7":[1,9],"8":[0,1],"9":[0,1],"10":[1,1],"11":[1,2],"12":[1,1],"13":[1,1],"14":[1,1]},"_coverageSchema":"1a1c01bbd47fc00a2c39e90264f33305004495a9","hash":"42c3f366decc0a5ed4abcfcf5436d734533a8da4"}
,"/Users/neilkapoor/Downloads/EducationRAGBackendDeploy2-2/Controller/Utils/auth.js": {"path":"/Users/neilkapoor/Downloads/EducationRAGBackendDeploy2-2/Controller/Utils/auth.js","statementMap":{"0":{"start":{"line":1,"column":12},"end":{"line":1,"column":35}},"1":{"start":{"line":2,"column":0},"end":{"line":2,"column":27}},"2":{"start":{"line":16,"column":21},"end":{"line":16,"column":46}},"3":{"start":{"line":17,"column":16},"end":{"line":17,"column":54}},"4":{"start":{"line":19,"column":2},"end":{"line":21,"column":3}},"5":{"start":{"line":20,"column":4},"end":{"line":20,"column":87}},"6":{"start":{"line":23,"column":2},"end":{"line":29,"column":3}},"7":{"start":{"line":24,"column":20},"end":{"line":24,"column":61}},"8":{"start":{"line":25,"column":4},"end":{"line":25,"column":30}},"9":{"start":{"line":26,"column":4},"end":{"line":26,"column":11}},"10":{"start":{"line":28,"column":4},"end":{"line":28,"column":63}},"11":{"start":{"line":30,"column":2},"end":{"line":30,"column":14}},"12":{"start":{"line":41,"column":2},"end":{"line":41,"column":74}},"13":{"start":{"line":44,"column":0},"end":{"line":47,"column":2}}},"fnMap":{"0":{"name":"verifyToken","decl":{"start":{"line":15,"column":9},"end":{"line":15,"column":20}},"loc":{"start":{"line":15,"column":37},"end":{"line":31,"column":1}},"line":15},"1":{"name":"generateToken","decl":{"start":{"line":40,"column":9},"end":{"line":40,"column":22}},"loc":{"start":{"line":40,"column":30},"end":{"line":42,"column":1}},"line":40}},"branchMap":{"0":{"loc":{"start":{"line":17,"column":16},"end":{"line":17,"column":54}},"type":"binary-expr","locations":[{"start":{"line":17,"column":16},"end":{"line":17,"column":26}},{"start":{"line":17,"column":30},"end":{"line":17,"column":54}}],"line":17},"1":{"loc":{"start":{"line":19,"column":2},"end":{"line":21,"column":3}},"type":"if","locations":[{"start":{"line":19,"column":2},"end":{"line":21,"column":3}},{"start":{},"end":{}}],"line":19}},"s":{"0":1,"1":1,"2":15,"3":15,"4":15,"5":0,"6":15,"7":15,"8":15,"9":15,"10":0,"11":15,"12":9,"13":1},"f":{"0":15,"1":9},"b":{"0":[15,15],"1":[0,15]},"_coverageSchema":"1a1c01bbd47fc00a2c39e90264f33305004495a9","hash":"9266581cadfa7a825cea721c1f1dff57060ac64f"}
,"/Users/neilkapoor/Downloads/EducationRAGBackendDeploy2-2/Model/Chat.js": {"path":"/Users/neilkapoor/Downloads/EducationRAGBackendDeploy2-2/Model/Chat.js","statementMap":{"0":{"start":{"line":1,"column":17},"end":{"line":1,"column":36}},"1":{"start":{"line":3,"column":22},"end":{"line":16,"column":2}},"2":{"start":{"line":18,"column":19},"end":{"line":42,"column":2}},"3":{"start":{"line":44,"column":18},"end":{"line":44,"column":52}},"4":{"start":{"line":45,"column":0},"end":{"line":45,"column":27}}},"fnMap":{},"branchMap":{},"s":{"0":1,"1":1,"2":1,"3":1,"4":1},"f":{},"b":{},"_coverageSchema":"1a1c01bbd47fc00a2c39e90264f33305004495a9","hash":"0616de333a212b7d2442604d151dcebdfca0b1d5"}
,"/Users/neilkapoor/Downloads/EducationRAGBackendDeploy2-2/Model/Users.js": {"path":"/Users/neilkapoor/Downloads/EducationRAGBackendDeploy2-2/Model/Users.js","statementMap":{"0":{"start":{"line":1,"column":17},"end":{"line":1,"column":36}},"1":{"start":{"line":3,"column":19},"end":{"line":17,"column":2}},"2":{"start":{"line":19,"column":18},"end":{"line":19,"column":53}},"3":{"start":{"line":20,"column":0},"end":{"line":20,"column":27}}},"fnMap":{},"branchMap":{},"s":{"0":1,"1":1,"2":1,"3":1},"f":{},"b":{},"_coverageSchema":"1a1c01bbd47fc00a2c39e90264f33305004495a9","hash":"ccde5748d3d96ac49c2ed006863bd1575b15edf2"}
}
