{"/Users/neilkapoor/EducationRAGBackendDeploy2/Controller/server.js": {"path":"/Users/neilkapoor/EducationRAGBackendDeploy2/Controller/server.js","statementMap":{"0":{"start":{"line":1,"column":16},"end":{"line":1,"column":34}},"1":{"start":{"line":2,"column":17},"end":{"line":2,"column":36}},"2":{"start":{"line":3,"column":13},"end":{"line":3,"column":28}},"3":{"start":{"line":4,"column":15},"end":{"line":4,"column":34}},"4":{"start":{"line":5,"column":18},"end":{"line":5,"column":43}},"5":{"start":{"line":6,"column":53},"end":{"line":6,"column":76}},"6":{"start":{"line":8,"column":12},"end":{"line":8,"column":21}},"7":{"start":{"line":9,"column":0},"end":{"line":9,"column":24}},"8":{"start":{"line":10,"column":0},"end":{"line":10,"column":16}},"9":{"start":{"line":12,"column":0},"end":{"line":12,"column":140}},"10":{"start":{"line":20,"column":0},"end":{"line":22,"column":3}},"11":{"start":{"line":21,"column":2},"end":{"line":21,"column":53}},"12":{"start":{"line":31,"column":0},"end":{"line":60,"column":3}},"13":{"start":{"line":32,"column":30},"end":{"line":32,"column":39}},"14":{"start":{"line":34,"column":2},"end":{"line":37,"column":3}},"15":{"start":{"line":35,"column":4},"end":{"line":35,"column":63}},"16":{"start":{"line":36,"column":4},"end":{"line":36,"column":11}},"17":{"start":{"line":38,"column":2},"end":{"line":41,"column":3}},"18":{"start":{"line":39,"column":4},"end":{"line":39,"column":66}},"19":{"start":{"line":40,"column":4},"end":{"line":40,"column":11}},"20":{"start":{"line":42,"column":2},"end":{"line":44,"column":3}},"21":{"start":{"line":43,"column":4},"end":{"line":43,"column":94}},"22":{"start":{"line":45,"column":2},"end":{"line":59,"column":3}},"23":{"start":{"line":46,"column":4},"end":{"line":56,"column":5}},"24":{"start":{"line":47,"column":27},"end":{"line":47,"column":61}},"25":{"start":{"line":48,"column":6},"end":{"line":50,"column":7}},"26":{"start":{"line":49,"column":8},"end":{"line":49,"column":96}},"27":{"start":{"line":51,"column":29},"end":{"line":51,"column":60}},"28":{"start":{"line":52,"column":6},"end":{"line":52,"column":66}},"29":{"start":{"line":53,"column":6},"end":{"line":53,"column":78}},"30":{"start":{"line":55,"column":6},"end":{"line":55,"column":72}},"31":{"start":{"line":58,"column":4},"end":{"line":58,"column":64}},"32":{"start":{"line":69,"column":0},"end":{"line":98,"column":3}},"33":{"start":{"line":70,"column":30},"end":{"line":70,"column":39}},"34":{"start":{"line":72,"column":2},"end":{"line":75,"column":3}},"35":{"start":{"line":73,"column":4},"end":{"line":73,"column":63}},"36":{"start":{"line":74,"column":4},"end":{"line":74,"column":11}},"37":{"start":{"line":76,"column":2},"end":{"line":79,"column":3}},"38":{"start":{"line":77,"column":4},"end":{"line":77,"column":66}},"39":{"start":{"line":78,"column":4},"end":{"line":78,"column":11}},"40":{"start":{"line":81,"column":2},"end":{"line":97,"column":3}},"41":{"start":{"line":82,"column":17},"end":{"line":82,"column":51}},"42":{"start":{"line":83,"column":4},"end":{"line":85,"column":5}},"43":{"start":{"line":84,"column":6},"end":{"line":84,"column":86}},"44":{"start":{"line":86,"column":30},"end":{"line":86,"column":75}},"45":{"start":{"line":87,"column":4},"end":{"line":89,"column":5}},"46":{"start":{"line":88,"column":6},"end":{"line":88,"column":78}},"47":{"start":{"line":91,"column":18},"end":{"line":91,"column":38}},"48":{"start":{"line":92,"column":4},"end":{"line":92,"column":47}},"49":{"start":{"line":93,"column":4},"end":{"line":93,"column":52}},"50":{"start":{"line":95,"column":4},"end":{"line":95,"column":44}},"51":{"start":{"line":96,"column":4},"end":{"line":96,"column":63}},"52":{"start":{"line":105,"column":0},"end":{"line":133,"column":3}},"53":{"start":{"line":107,"column":2},"end":{"line":107,"column":24}},"54":{"start":{"line":108,"column":2},"end":{"line":132,"column":3}},"55":{"start":{"line":109,"column":21},"end":{"line":109,"column":44}},"56":{"start":{"line":110,"column":4},"end":{"line":113,"column":5}},"57":{"start":{"line":111,"column":6},"end":{"line":111,"column":72}},"58":{"start":{"line":112,"column":6},"end":{"line":112,"column":13}},"59":{"start":{"line":114,"column":4},"end":{"line":117,"column":5}},"60":{"start":{"line":115,"column":6},"end":{"line":115,"column":72}},"61":{"start":{"line":116,"column":6},"end":{"line":116,"column":13}},"62":{"start":{"line":118,"column":4},"end":{"line":121,"column":5}},"63":{"start":{"line":119,"column":6},"end":{"line":119,"column":72}},"64":{"start":{"line":120,"column":6},"end":{"line":120,"column":13}},"65":{"start":{"line":123,"column":4},"end":{"line":126,"column":5}},"66":{"start":{"line":124,"column":6},"end":{"line":124,"column":72}},"67":{"start":{"line":125,"column":6},"end":{"line":125,"column":13}},"68":{"start":{"line":128,"column":4},"end":{"line":128,"column":45}},"69":{"start":{"line":129,"column":4},"end":{"line":129,"column":61}},"70":{"start":{"line":131,"column":4},"end":{"line":131,"column":61}},"71":{"start":{"line":142,"column":0},"end":{"line":153,"column":3}},"72":{"start":{"line":143,"column":20},"end":{"line":143,"column":24}},"73":{"start":{"line":144,"column":2},"end":{"line":152,"column":3}},"74":{"start":{"line":145,"column":17},"end":{"line":145,"column":64}},"75":{"start":{"line":146,"column":4},"end":{"line":148,"column":5}},"76":{"start":{"line":147,"column":6},"end":{"line":147,"column":67}},"77":{"start":{"line":149,"column":4},"end":{"line":149,"column":42}},"78":{"start":{"line":151,"column":4},"end":{"line":151,"column":73}},"79":{"start":{"line":162,"column":0},"end":{"line":177,"column":3}},"80":{"start":{"line":163,"column":31},"end":{"line":163,"column":40}},"81":{"start":{"line":164,"column":2},"end":{"line":176,"column":3}},"82":{"start":{"line":165,"column":24},"end":{"line":169,"column":5}},"83":{"start":{"line":170,"column":4},"end":{"line":172,"column":5}},"84":{"start":{"line":171,"column":6},"end":{"line":171,"column":67}},"85":{"start":{"line":173,"column":4},"end":{"line":173,"column":107}},"86":{"start":{"line":175,"column":4},"end":{"line":175,"column":74}},"87":{"start":{"line":186,"column":0},"end":{"line":197,"column":3}},"88":{"start":{"line":187,"column":20},"end":{"line":187,"column":24}},"89":{"start":{"line":188,"column":2},"end":{"line":196,"column":3}},"90":{"start":{"line":189,"column":17},"end":{"line":189,"column":63}},"91":{"start":{"line":190,"column":4},"end":{"line":192,"column":5}},"92":{"start":{"line":191,"column":6},"end":{"line":191,"column":67}},"93":{"start":{"line":193,"column":4},"end":{"line":193,"column":50}},"94":{"start":{"line":195,"column":4},"end":{"line":195,"column":79}},"95":{"start":{"line":205,"column":0},"end":{"line":207,"column":3}},"96":{"start":{"line":206,"column":2},"end":{"line":206,"column":52}},"97":{"start":{"line":209,"column":0},"end":{"line":209,"column":21}}},"fnMap":{"0":{"name":"(anonymous_0)","decl":{"start":{"line":20,"column":13},"end":{"line":20,"column":14}},"loc":{"start":{"line":20,"column":29},"end":{"line":22,"column":1}},"line":20},"1":{"name":"(anonymous_1)","decl":{"start":{"line":31,"column":20},"end":{"line":31,"column":21}},"loc":{"start":{"line":31,"column":42},"end":{"line":60,"column":1}},"line":31},"2":{"name":"(anonymous_2)","decl":{"start":{"line":69,"column":19},"end":{"line":69,"column":20}},"loc":{"start":{"line":69,"column":41},"end":{"line":98,"column":1}},"line":69},"3":{"name":"(anonymous_3)","decl":{"start":{"line":105,"column":20},"end":{"line":105,"column":21}},"loc":{"start":{"line":105,"column":42},"end":{"line":133,"column":1}},"line":105},"4":{"name":"(anonymous_4)","decl":{"start":{"line":142,"column":37},"end":{"line":142,"column":38}},"loc":{"start":{"line":142,"column":59},"end":{"line":153,"column":1}},"line":142},"5":{"name":"(anonymous_5)","decl":{"start":{"line":162,"column":42},"end":{"line":162,"column":43}},"loc":{"start":{"line":162,"column":64},"end":{"line":177,"column":1}},"line":162},"6":{"name":"(anonymous_6)","decl":{"start":{"line":186,"column":43},"end":{"line":186,"column":44}},"loc":{"start":{"line":186,"column":65},"end":{"line":197,"column":1}},"line":186},"7":{"name":"(anonymous_7)","decl":{"start":{"line":205,"column":41},"end":{"line":205,"column":42}},"loc":{"start":{"line":205,"column":57},"end":{"line":207,"column":1}},"line":205}},"branchMap":{"0":{"loc":{"start":{"line":34,"column":2},"end":{"line":37,"column":3}},"type":"if","locations":[{"start":{"line":34,"column":2},"end":{"line":37,"column":3}},{"start":{},"end":{}}],"line":34},"1":{"loc":{"start":{"line":34,"column":6},"end":{"line":34,"column":28}},"type":"binary-expr","locations":[{"start":{"line":34,"column":6},"end":{"line":34,"column":12}},{"start":{"line":34,"column":16},"end":{"line":34,"column":28}}],"line":34},"2":{"loc":{"start":{"line":38,"column":2},"end":{"line":41,"column":3}},"type":"if","locations":[{"start":{"line":38,"column":2},"end":{"line":41,"column":3}},{"start":{},"end":{}}],"line":38},"3":{"loc":{"start":{"line":38,"column":6},"end":{"line":38,"column":34}},"type":"binary-expr","locations":[{"start":{"line":38,"column":6},"end":{"line":38,"column":15}},{"start":{"line":38,"column":19},"end":{"line":38,"column":34}}],"line":38},"4":{"loc":{"start":{"line":42,"column":2},"end":{"line":44,"column":3}},"type":"if","locations":[{"start":{"line":42,"column":2},"end":{"line":44,"column":3}},{"start":{},"end":{}}],"line":42},"5":{"loc":{"start":{"line":45,"column":2},"end":{"line":59,"column":3}},"type":"if","locations":[{"start":{"line":45,"column":2},"end":{"line":59,"column":3}},{"start":{"line":57,"column":9},"end":{"line":59,"column":3}}],"line":45},"6":{"loc":{"start":{"line":48,"column":6},"end":{"line":50,"column":7}},"type":"if","locations":[{"start":{"line":48,"column":6},"end":{"line":50,"column":7}},{"start":{},"end":{}}],"line":48},"7":{"loc":{"start":{"line":72,"column":2},"end":{"line":75,"column":3}},"type":"if","locations":[{"start":{"line":72,"column":2},"end":{"line":75,"column":3}},{"start":{},"end":{}}],"line":72},"8":{"loc":{"start":{"line":72,"column":6},"end":{"line":72,"column":28}},"type":"binary-expr","locations":[{"start":{"line":72,"column":6},"end":{"line":72,"column":12}},{"start":{"line":72,"column":16},"end":{"line":72,"column":28}}],"line":72},"9":{"loc":{"start":{"line":76,"column":2},"end":{"line":79,"column":3}},"type":"if","locations":[{"start":{"line":76,"column":2},"end":{"line":79,"column":3}},{"start":{},"end":{}}],"line":76},"10":{"loc":{"start":{"line":76,"column":6},"end":{"line":76,"column":34}},"type":"binary-expr","locations":[{"start":{"line":76,"column":6},"end":{"line":76,"column":15}},{"start":{"line":76,"column":19},"end":{"line":76,"column":34}}],"line":76},"11":{"loc":{"start":{"line":83,"column":4},"end":{"line":85,"column":5}},"type":"if","locations":[{"start":{"line":83,"column":4},"end":{"line":85,"column":5}},{"start":{},"end":{}}],"line":83},"12":{"loc":{"start":{"line":87,"column":4},"end":{"line":89,"column":5}},"type":"if","locations":[{"start":{"line":87,"column":4},"end":{"line":89,"column":5}},{"start":{},"end":{}}],"line":87},"13":{"loc":{"start":{"line":110,"column":4},"end":{"line":113,"column":5}},"type":"if","locations":[{"start":{"line":110,"column":4},"end":{"line":113,"column":5}},{"start":{},"end":{}}],"line":110},"14":{"loc":{"start":{"line":114,"column":4},"end":{"line":117,"column":5}},"type":"if","locations":[{"start":{"line":114,"column":4},"end":{"line":117,"column":5}},{"start":{},"end":{}}],"line":114},"15":{"loc":{"start":{"line":118,"column":4},"end":{"line":121,"column":5}},"type":"if","locations":[{"start":{"line":118,"column":4},"end":{"line":121,"column":5}},{"start":{},"end":{}}],"line":118},"16":{"loc":{"start":{"line":123,"column":4},"end":{"line":126,"column":5}},"type":"if","locations":[{"start":{"line":123,"column":4},"end":{"line":126,"column":5}},{"start":{},"end":{}}],"line":123},"17":{"loc":{"start":{"line":146,"column":4},"end":{"line":148,"column":5}},"type":"if","locations":[{"start":{"line":146,"column":4},"end":{"line":148,"column":5}},{"start":{},"end":{}}],"line":146},"18":{"loc":{"start":{"line":170,"column":4},"end":{"line":172,"column":5}},"type":"if","locations":[{"start":{"line":170,"column":4},"end":{"line":172,"column":5}},{"start":{},"end":{}}],"line":170},"19":{"loc":{"start":{"line":190,"column":4},"end":{"line":192,"column":5}},"type":"if","locations":[{"start":{"line":190,"column":4},"end":{"line":192,"column":5}},{"start":{},"end":{}}],"line":190}},"s":{"0":1,"1":1,"2":1,"3":1,"4":1,"5":1,"6":1,"7":1,"8":1,"9":1,"10":1,"11":0,"12":1,"13":7,"14":7,"15":0,"16":0,"17":7,"18":0,"19":0,"20":7,"21":1,"22":6,"23":6,"24":6,"25":6,"26":1,"27":5,"28":5,"29":5,"30":0,"31":0,"32":1,"33":7,"34":7,"35":0,"36":0,"37":7,"38":0,"39":0,"40":7,"41":7,"42":7,"43":1,"44":6,"45":6,"46":1,"47":5,"48":5,"49":5,"50":5,"51":5,"52":1,"53":0,"54":0,"55":0,"56":0,"57":0,"58":0,"59":0,"60":0,"61":0,"62":0,"63":0,"64":0,"65":0,"66":0,"67":0,"68":0,"69":0,"70":0,"71":1,"72":0,"73":0,"74":0,"75":0,"76":0,"77":0,"78":0,"79":1,"80":0,"81":0,"82":0,"83":0,"84":0,"85":0,"86":0,"87":1,"88":0,"89":0,"90":0,"91":0,"92":0,"93":0,"94":0,"95":1,"96":0,"97":1},"f":{"0":0,"1":7,"2":7,"3":0,"4":0,"5":0,"6":0,"7":0},"b":{"0":[0,7],"1":[7,7],"2":[0,7],"3":[7,7],"4":[1,6],"5":[6,0],"6":[1,5],"7":[0,7],"8":[7,7],"9":[0,7],"10":[7,7],"11":[1,6],"12":[1,5],"13":[0,0],"14":[0,0],"15":[0,0],"16":[0,0],"17":[0,0],"18":[0,0],"19":[0,0]},"_coverageSchema":"1a1c01bbd47fc00a2c39e90264f33305004495a9","hash":"41dd5d7e45b489d986a08d5031f8e99865d7dfe6"}
,"/Users/neilkapoor/EducationRAGBackendDeploy2/Controller/Utils/auth.js": {"path":"/Users/neilkapoor/EducationRAGBackendDeploy2/Controller/Utils/auth.js","statementMap":{"0":{"start":{"line":1,"column":12},"end":{"line":1,"column":35}},"1":{"start":{"line":2,"column":0},"end":{"line":2,"column":27}},"2":{"start":{"line":3,"column":18},"end":{"line":3,"column":46}},"3":{"start":{"line":5,"column":21},"end":{"line":5,"column":30}},"4":{"start":{"line":37,"column":20},"end":{"line":67,"column":1}},"5":{"start":{"line":38,"column":16},"end":{"line":38,"column":41}},"6":{"start":{"line":39,"column":2},"end":{"line":66,"column":3}},"7":{"start":{"line":40,"column":4},"end":{"line":42,"column":5}},"8":{"start":{"line":41,"column":6},"end":{"line":41,"column":15}},"9":{"start":{"line":43,"column":20},"end":{"line":43,"column":61}},"10":{"start":{"line":44,"column":4},"end":{"line":44,"column":36}},"11":{"start":{"line":45,"column":15},"end":{"line":45,"column":28}},"12":{"start":{"line":46,"column":25},"end":{"line":46,"column":56}},"13":{"start":{"line":47,"column":4},"end":{"line":50,"column":5}},"14":{"start":{"line":49,"column":6},"end":{"line":49,"column":15}},"15":{"start":{"line":57,"column":4},"end":{"line":57,"column":13}},"16":{"start":{"line":59,"column":4},"end":{"line":62,"column":5}},"17":{"start":{"line":60,"column":6},"end":{"line":60,"column":40}},"18":{"start":{"line":61,"column":6},"end":{"line":61,"column":15}},"19":{"start":{"line":64,"column":4},"end":{"line":64,"column":38}},"20":{"start":{"line":65,"column":4},"end":{"line":65,"column":13}},"21":{"start":{"line":78,"column":2},"end":{"line":85,"column":3}},"22":{"start":{"line":79,"column":18},"end":{"line":79,"column":82}},"23":{"start":{"line":80,"column":4},"end":{"line":80,"column":32}},"24":{"start":{"line":81,"column":4},"end":{"line":81,"column":17}},"25":{"start":{"line":83,"column":4},"end":{"line":83,"column":38}},"26":{"start":{"line":84,"column":4},"end":{"line":84,"column":14}},"27":{"start":{"line":88,"column":21},"end":{"line":88,"column":55}},"28":{"start":{"line":88,"column":32},"end":{"line":88,"column":55}},"29":{"start":{"line":90,"column":0},"end":{"line":94,"column":2}}},"fnMap":{"0":{"name":"(anonymous_0)","decl":{"start":{"line":37,"column":20},"end":{"line":37,"column":21}},"loc":{"start":{"line":37,"column":35},"end":{"line":67,"column":1}},"line":37},"1":{"name":"generateToken","decl":{"start":{"line":76,"column":9},"end":{"line":76,"column":22}},"loc":{"start":{"line":76,"column":30},"end":{"line":86,"column":1}},"line":76},"2":{"name":"(anonymous_2)","decl":{"start":{"line":88,"column":21},"end":{"line":88,"column":22}},"loc":{"start":{"line":88,"column":32},"end":{"line":88,"column":55}},"line":88}},"branchMap":{"0":{"loc":{"start":{"line":40,"column":4},"end":{"line":42,"column":5}},"type":"if","locations":[{"start":{"line":40,"column":4},"end":{"line":42,"column":5}},{"start":{},"end":{}}],"line":40},"1":{"loc":{"start":{"line":47,"column":4},"end":{"line":50,"column":5}},"type":"if","locations":[{"start":{"line":47,"column":4},"end":{"line":50,"column":5}},{"start":{},"end":{}}],"line":47},"2":{"loc":{"start":{"line":59,"column":4},"end":{"line":62,"column":5}},"type":"if","locations":[{"start":{"line":59,"column":4},"end":{"line":62,"column":5}},{"start":{},"end":{}}],"line":59}},"s":{"0":1,"1":1,"2":1,"3":1,"4":1,"5":10,"6":10,"7":10,"8":0,"9":10,"10":0,"11":0,"12":0,"13":0,"14":0,"15":0,"16":10,"17":0,"18":0,"19":10,"20":10,"21":5,"22":5,"23":5,"24":5,"25":0,"26":0,"27":1,"28":0,"29":1},"f":{"0":10,"1":5,"2":0},"b":{"0":[0,10],"1":[0,0],"2":[0,10]},"_coverageSchema":"1a1c01bbd47fc00a2c39e90264f33305004495a9","hash":"7d07f1f5bf255b2ff8afe48db20949cc99c9139b"}
,"/Users/neilkapoor/EducationRAGBackendDeploy2/Model/Users.js": {"path":"/Users/neilkapoor/EducationRAGBackendDeploy2/Model/Users.js","statementMap":{"0":{"start":{"line":1,"column":17},"end":{"line":1,"column":36}},"1":{"start":{"line":3,"column":19},"end":{"line":17,"column":2}},"2":{"start":{"line":19,"column":18},"end":{"line":19,"column":53}},"3":{"start":{"line":20,"column":0},"end":{"line":20,"column":27}}},"fnMap":{},"branchMap":{},"s":{"0":1,"1":1,"2":1,"3":1},"f":{},"b":{},"_coverageSchema":"1a1c01bbd47fc00a2c39e90264f33305004495a9","hash":"a208619e065dc9bbfe9969c3b6540343f00340ec"}
}
