TN:
SF:Controller/server.js
FN:21,(anonymous_0)
FN:32,(anonymous_1)
FN:68,(anonymous_2)
FN:94,(anonymous_3)
FN:114,(anonymous_4)
FN:138,(anonymous_5)
FN:157,(anonymous_6)
FN:169,(anonymous_7)
FN:224,(anonymous_8)
FN:248,(anonymous_9)
FN:274,(anonymous_10)
FN:293,(anonymous_11)
FNF:12
FNH:10
FNDA:0,(anonymous_0)
FNDA:11,(anonymous_1)
FNDA:11,(anonymous_2)
FNDA:1,(anonymous_3)
FNDA:1,(anonymous_4)
FNDA:2,(anonymous_5)
FNDA:0,(anonymous_6)
FNDA:3,(anonymous_7)
FNDA:2,(anonymous_8)
FNDA:2,(anonymous_9)
FNDA:1,(anonymous_10)
FNDA:3,(anonymous_11)
DA:1,1
DA:2,1
DA:3,1
DA:4,1
DA:5,1
DA:6,1
DA:7,1
DA:9,1
DA:10,1
DA:11,1
DA:13,1
DA:21,1
DA:22,0
DA:32,1
DA:33,11
DA:35,11
DA:36,0
DA:37,0
DA:39,11
DA:40,0
DA:41,0
DA:44,11
DA:45,1
DA:46,1
DA:48,10
DA:49,10
DA:50,10
DA:51,1
DA:53,9
DA:54,9
DA:55,9
DA:57,0
DA:68,1
DA:69,11
DA:71,11
DA:72,11
DA:73,11
DA:74,1
DA:76,10
DA:77,10
DA:78,1
DA:80,9
DA:81,9
DA:83,0
DA:94,1
DA:95,1
DA:96,1
DA:97,1
DA:98,1
DA:99,0
DA:101,1
DA:103,0
DA:114,1
DA:115,1
DA:116,1
DA:117,1
DA:122,1
DA:123,0
DA:125,1
DA:127,0
DA:138,1
DA:139,2
DA:140,2
DA:141,2
DA:142,2
DA:143,1
DA:145,1
DA:147,0
DA:157,1
DA:158,0
DA:169,1
DA:170,3
DA:171,3
DA:173,3
DA:174,1
DA:177,2
DA:179,2
DA:188,2
DA:189,1
DA:193,1
DA:200,1
DA:210,1
DA:212,0
DA:213,0
DA:224,1
DA:225,2
DA:226,2
DA:228,2
DA:229,2
DA:230,2
DA:231,1
DA:234,1
DA:236,0
DA:237,0
DA:248,1
DA:249,2
DA:250,2
DA:252,2
DA:253,2
DA:259,2
DA:260,1
DA:262,1
DA:263,1
DA:274,1
DA:275,1
DA:277,1
DA:278,1
DA:279,1
DA:281,0
DA:282,0
DA:293,1
DA:294,3
DA:295,3
DA:297,3
DA:298,3
DA:299,2
DA:300,1
DA:302,1
DA:304,1
DA:305,1
DA:309,1
LF:121
LH:102
BRDA:35,0,0,0
BRDA:35,0,1,11
BRDA:35,1,0,11
BRDA:35,1,1,11
BRDA:39,2,0,0
BRDA:39,2,1,11
BRDA:39,3,0,11
BRDA:39,3,1,11
BRDA:44,4,0,1
BRDA:44,4,1,10
BRDA:50,5,0,1
BRDA:50,5,1,9
BRDA:73,6,0,1
BRDA:73,6,1,10
BRDA:77,7,0,1
BRDA:77,7,1,9
BRDA:98,8,0,0
BRDA:98,8,1,1
BRDA:122,9,0,0
BRDA:122,9,1,1
BRDA:142,10,0,1
BRDA:142,10,1,1
BRDA:173,11,0,1
BRDA:173,11,1,2
BRDA:188,12,0,1
BRDA:188,12,1,1
BRDA:230,13,0,1
BRDA:230,13,1,1
BRDA:299,14,0,1
BRDA:299,14,1,1
BRF:30
BRH:26
end_of_record
TN:
SF:Controller/Utils/auth.js
FN:15,verifyToken
FN:40,generateToken
FNF:2
FNH:2
FNDA:15,verifyToken
FNDA:9,generateToken
DA:1,1
DA:2,1
DA:16,15
DA:17,15
DA:19,15
DA:20,0
DA:23,15
DA:24,15
DA:25,15
DA:26,15
DA:28,0
DA:30,15
DA:41,9
DA:44,1
LF:14
LH:12
BRDA:17,0,0,15
BRDA:17,0,1,15
BRDA:19,1,0,0
BRDA:19,1,1,15
BRF:4
BRH:3
end_of_record
TN:
SF:Model/Chat.js
FNF:0
FNH:0
DA:1,1
DA:3,1
DA:18,1
DA:43,1
DA:44,1
LF:5
LH:5
BRF:0
BRH:0
end_of_record
TN:
SF:Model/Users.js
FNF:0
FNH:0
DA:1,1
DA:3,1
DA:19,1
DA:20,1
LF:4
LH:4
BRF:0
BRH:0
end_of_record
