TN:
SF:Controller/server.js
FN:28,(anonymous_0)
FN:40,(anonymous_1)
FN:76,(anonymous_2)
FN:102,(anonymous_3)
FN:122,(anonymous_4)
FN:146,(anonymous_5)
FN:165,(anonymous_6)
FN:177,(anonymous_7)
FN:232,(anonymous_8)
FN:256,(anonymous_9)
FN:282,(anonymous_10)
FN:301,(anonymous_11)
FN:317,(anonymous_12)
FNF:13
FNH:10
FNDA:0,(anonymous_0)
FNDA:11,(anonymous_1)
FNDA:11,(anonymous_2)
FNDA:1,(anonymous_3)
FNDA:1,(anonymous_4)
FNDA:2,(anonymous_5)
FNDA:0,(anonymous_6)
FNDA:3,(anonymous_7)
FNDA:2,(anonymous_8)
FNDA:2,(anonymous_9)
FNDA:1,(anonymous_10)
FNDA:3,(anonymous_11)
FNDA:0,(anonymous_12)
DA:1,1
DA:2,1
DA:3,1
DA:4,1
DA:5,1
DA:6,1
DA:7,1
DA:9,1
DA:10,1
DA:11,1
DA:14,1
DA:18,1
DA:20,1
DA:28,1
DA:30,0
DA:40,1
DA:41,11
DA:43,11
DA:44,0
DA:45,0
DA:47,11
DA:48,0
DA:49,0
DA:52,11
DA:53,1
DA:54,1
DA:56,10
DA:57,10
DA:58,10
DA:59,1
DA:61,9
DA:62,9
DA:63,9
DA:65,0
DA:76,1
DA:77,11
DA:79,11
DA:80,11
DA:81,11
DA:82,1
DA:84,10
DA:85,10
DA:86,1
DA:88,9
DA:89,9
DA:91,0
DA:102,1
DA:103,1
DA:104,1
DA:105,1
DA:106,1
DA:107,0
DA:109,1
DA:111,0
DA:122,1
DA:123,1
DA:124,1
DA:125,1
DA:130,1
DA:131,0
DA:133,1
DA:135,0
DA:146,1
DA:147,2
DA:148,2
DA:149,2
DA:150,2
DA:151,1
DA:153,1
DA:155,0
DA:165,1
DA:166,0
DA:177,1
DA:178,3
DA:179,3
DA:181,3
DA:182,1
DA:185,2
DA:187,2
DA:196,2
DA:197,1
DA:201,1
DA:208,1
DA:218,1
DA:220,0
DA:221,0
DA:232,1
DA:233,2
DA:234,2
DA:236,2
DA:237,2
DA:238,2
DA:239,1
DA:242,1
DA:244,0
DA:245,0
DA:256,1
DA:257,2
DA:258,2
DA:260,2
DA:261,2
DA:267,2
DA:268,1
DA:270,1
DA:271,1
DA:282,1
DA:283,1
DA:285,1
DA:286,1
DA:287,1
DA:289,0
DA:290,0
DA:301,1
DA:302,3
DA:303,3
DA:305,3
DA:306,3
DA:307,2
DA:308,1
DA:310,1
DA:312,1
DA:313,1
DA:317,1
DA:318,0
DA:321,1
LF:125
LH:105
BRDA:43,0,0,0
BRDA:43,0,1,11
BRDA:43,1,0,11
BRDA:43,1,1,11
BRDA:47,2,0,0
BRDA:47,2,1,11
BRDA:47,3,0,11
BRDA:47,3,1,11
BRDA:52,4,0,1
BRDA:52,4,1,10
BRDA:58,5,0,1
BRDA:58,5,1,9
BRDA:81,6,0,1
BRDA:81,6,1,10
BRDA:85,7,0,1
BRDA:85,7,1,9
BRDA:106,8,0,0
BRDA:106,8,1,1
BRDA:130,9,0,0
BRDA:130,9,1,1
BRDA:150,10,0,1
BRDA:150,10,1,1
BRDA:181,11,0,1
BRDA:181,11,1,2
BRDA:196,12,0,1
BRDA:196,12,1,1
BRDA:238,13,0,1
BRDA:238,13,1,1
BRDA:307,14,0,1
BRDA:307,14,1,1
BRF:30
BRH:26
end_of_record
TN:
SF:Controller/Utils/auth.js
FN:15,verifyToken
FN:40,generateToken
FNF:2
FNH:2
FNDA:15,verifyToken
FNDA:9,generateToken
DA:1,1
DA:2,1
DA:16,15
DA:17,15
DA:19,15
DA:20,0
DA:23,15
DA:24,15
DA:25,15
DA:26,15
DA:28,0
DA:30,15
DA:41,9
DA:44,1
LF:14
LH:12
BRDA:17,0,0,15
BRDA:17,0,1,15
BRDA:19,1,0,0
BRDA:19,1,1,15
BRF:4
BRH:3
end_of_record
TN:
SF:Model/Chat.js
FNF:0
FNH:0
DA:1,1
DA:3,1
DA:18,1
DA:43,1
DA:44,1
LF:5
LH:5
BRF:0
BRH:0
end_of_record
TN:
SF:Model/Users.js
FNF:0
FNH:0
DA:1,1
DA:3,1
DA:19,1
DA:20,1
LF:4
LH:4
BRF:0
BRH:0
end_of_record
